{"C:\\Users\\HEWLETT\\Documents\\2026 DISEÑOS\\03 COMUNICACIONES\\02 Proyecto Plataforma RD\\config\\cloudinary.js": {"path":"C:\\Users\\HEWLETT\\Documents\\2026 DISEÑOS\\03 COMUNICACIONES\\02 Proyecto Plataforma RD\\config\\cloudinary.js","statementMap":{"0":{"start":{"line":2,"column":19},"end":{"line":2,"column":43}},"1":{"start":{"line":3,"column":15},"end":{"line":3,"column":32}},"2":{"start":{"line":5,"column":0},"end":{"line":5,"column":16}},"3":{"start":{"line":8,"column":0},"end":{"line":13,"column":3}},"4":{"start":{"line":15,"column":0},"end":{"line":15,"column":28}}},"fnMap":{},"branchMap":{},"s":{"0":0,"1":0,"2":0,"3":0,"4":0},"f":{},"b":{}}
,"C:\\Users\\HEWLETT\\Documents\\2026 DISEÑOS\\03 COMUNICACIONES\\02 Proyecto Plataforma RD\\config\\email.js": {"path":"C:\\Users\\HEWLETT\\Documents\\2026 DISEÑOS\\03 COMUNICACIONES\\02 Proyecto Plataforma RD\\config\\email.js","statementMap":{"0":{"start":{"line":2,"column":19},"end":{"line":2,"column":40}},"1":{"start":{"line":3,"column":15},"end":{"line":3,"column":32}},"2":{"start":{"line":5,"column":0},"end":{"line":5,"column":16}},"3":{"start":{"line":8,"column":20},"end":{"line":14,"column":2}},"4":{"start":{"line":18,"column":22},"end":{"line":23,"column":3}},"5":{"start":{"line":25,"column":2},"end":{"line":25,"column":42}},"6":{"start":{"line":31,"column":15},"end":{"line":37,"column":3}},"7":{"start":{"line":39,"column":2},"end":{"line":43,"column":5}},"8":{"start":{"line":47,"column":15},"end":{"line":54,"column":3}},"9":{"start":{"line":56,"column":2},"end":{"line":60,"column":5}},"10":{"start":{"line":63,"column":0},"end":{"line":68,"column":2}}},"fnMap":{"0":{"name":"sendEmail","decl":{"start":{"line":17,"column":15},"end":{"line":17,"column":24}},"loc":{"start":{"line":17,"column":48},"end":{"line":26,"column":1}},"line":17},"1":{"name":"sendStatusChangeEmail","decl":{"start":{"line":30,"column":15},"end":{"line":30,"column":36}},"loc":{"start":{"line":30,"column":66},"end":{"line":44,"column":1}},"line":30},"2":{"name":"sendNewRequestEmail","decl":{"start":{"line":46,"column":15},"end":{"line":46,"column":34}},"loc":{"start":{"line":46,"column":48},"end":{"line":61,"column":1}},"line":46}},"branchMap":{},"s":{"0":0,"1":0,"2":0,"3":0,"4":0,"5":0,"6":0,"7":0,"8":0,"9":0,"10":0},"f":{"0":0,"1":0,"2":0},"b":{}}
,"C:\\Users\\HEWLETT\\Documents\\2026 DISEÑOS\\03 COMUNICACIONES\\02 Proyecto Plataforma RD\\middleware\\auth.js": {"path":"C:\\Users\\HEWLETT\\Documents\\2026 DISEÑOS\\03 COMUNICACIONES\\02 Proyecto Plataforma RD\\middleware\\auth.js","statementMap":{"0":{"start":{"line":2,"column":12},"end":{"line":2,"column":35}},"1":{"start":{"line":6,"column":21},"end":{"line":6,"column":49}},"2":{"start":{"line":8,"column":2},"end":{"line":13,"column":3}},"3":{"start":{"line":9,"column":4},"end":{"line":12,"column":7}},"4":{"start":{"line":15,"column":16},"end":{"line":15,"column":40}},"5":{"start":{"line":17,"column":2},"end":{"line":28,"column":3}},"6":{"start":{"line":18,"column":20},"end":{"line":18,"column":61}},"7":{"start":{"line":20,"column":4},"end":{"line":20,"column":23}},"8":{"start":{"line":21,"column":4},"end":{"line":21,"column":11}},"9":{"start":{"line":23,"column":4},"end":{"line":23,"column":59}},"10":{"start":{"line":24,"column":4},"end":{"line":27,"column":7}},"11":{"start":{"line":33,"column":2},"end":{"line":49,"column":4}},"12":{"start":{"line":34,"column":4},"end":{"line":39,"column":5}},"13":{"start":{"line":35,"column":6},"end":{"line":38,"column":9}},"14":{"start":{"line":41,"column":4},"end":{"line":46,"column":5}},"15":{"start":{"line":42,"column":6},"end":{"line":45,"column":9}},"16":{"start":{"line":48,"column":4},"end":{"line":48,"column":11}},"17":{"start":{"line":52,"column":0},"end":{"line":55,"column":2}}},"fnMap":{"0":{"name":"authenticate","decl":{"start":{"line":5,"column":9},"end":{"line":5,"column":21}},"loc":{"start":{"line":5,"column":38},"end":{"line":29,"column":1}},"line":5},"1":{"name":"authorize","decl":{"start":{"line":32,"column":9},"end":{"line":32,"column":18}},"loc":{"start":{"line":32,"column":38},"end":{"line":50,"column":1}},"line":32},"2":{"name":"(anonymous_2)","decl":{"start":{"line":33,"column":9},"end":{"line":33,"column":10}},"loc":{"start":{"line":33,"column":29},"end":{"line":49,"column":3}},"line":33}},"branchMap":{"0":{"loc":{"start":{"line":8,"column":2},"end":{"line":13,"column":3}},"type":"if","locations":[{"start":{"line":8,"column":2},"end":{"line":13,"column":3}},{"start":{},"end":{}}],"line":8},"1":{"loc":{"start":{"line":8,"column":6},"end":{"line":8,"column":54}},"type":"binary-expr","locations":[{"start":{"line":8,"column":6},"end":{"line":8,"column":17}},{"start":{"line":8,"column":21},"end":{"line":8,"column":54}}],"line":8},"2":{"loc":{"start":{"line":32,"column":19},"end":{"line":32,"column":36}},"type":"default-arg","locations":[{"start":{"line":32,"column":34},"end":{"line":32,"column":36}}],"line":32},"3":{"loc":{"start":{"line":34,"column":4},"end":{"line":39,"column":5}},"type":"if","locations":[{"start":{"line":34,"column":4},"end":{"line":39,"column":5}},{"start":{},"end":{}}],"line":34},"4":{"loc":{"start":{"line":41,"column":4},"end":{"line":46,"column":5}},"type":"if","locations":[{"start":{"line":41,"column":4},"end":{"line":46,"column":5}},{"start":{},"end":{}}],"line":41}},"s":{"0":0,"1":0,"2":0,"3":0,"4":0,"5":0,"6":0,"7":0,"8":0,"9":0,"10":0,"11":0,"12":0,"13":0,"14":0,"15":0,"16":0,"17":0},"f":{"0":0,"1":0,"2":0},"b":{"0":[0,0],"1":[0,0],"2":[0],"3":[0,0],"4":[0,0]}}
,"C:\\Users\\HEWLETT\\Documents\\2026 DISEÑOS\\03 COMUNICACIONES\\02 Proyecto Plataforma RD\\models\\Department.js": {"path":"C:\\Users\\HEWLETT\\Documents\\2026 DISEÑOS\\03 COMUNICACIONES\\02 Proyecto Plataforma RD\\models\\Department.js","statementMap":{"0":{"start":{"line":1,"column":17},"end":{"line":1,"column":36}},"1":{"start":{"line":3,"column":25},"end":{"line":24,"column":2}},"2":{"start":{"line":26,"column":0},"end":{"line":26,"column":64}}},"fnMap":{},"branchMap":{},"s":{"0":0,"1":0,"2":0},"f":{},"b":{}}
,"C:\\Users\\HEWLETT\\Documents\\2026 DISEÑOS\\03 COMUNICACIONES\\02 Proyecto Plataforma RD\\models\\Request.js": {"path":"C:\\Users\\HEWLETT\\Documents\\2026 DISEÑOS\\03 COMUNICACIONES\\02 Proyecto Plataforma RD\\models\\Request.js","statementMap":{"0":{"start":{"line":2,"column":17},"end":{"line":2,"column":36}},"1":{"start":{"line":3,"column":19},"end":{"line":3,"column":27}},"2":{"start":{"line":5,"column":22},"end":{"line":23,"column":1}},"3":{"start":{"line":25,"column":25},"end":{"line":41,"column":1}},"4":{"start":{"line":43,"column":23},"end":{"line":65,"column":1}},"5":{"start":{"line":67,"column":22},"end":{"line":201,"column":1}},"6":{"start":{"line":204,"column":0},"end":{"line":211,"column":3}},"7":{"start":{"line":205,"column":2},"end":{"line":209,"column":3}},"8":{"start":{"line":206,"column":21},"end":{"line":206,"column":76}},"9":{"start":{"line":207,"column":23},"end":{"line":207,"column":62}},"10":{"start":{"line":208,"column":4},"end":{"line":208,"column":57}},"11":{"start":{"line":210,"column":2},"end":{"line":210,"column":9}},"12":{"start":{"line":214,"column":0},"end":{"line":214,"column":60}},"13":{"start":{"line":215,"column":0},"end":{"line":215,"column":49}},"14":{"start":{"line":216,"column":0},"end":{"line":216,"column":50}},"15":{"start":{"line":217,"column":0},"end":{"line":217,"column":47}},"16":{"start":{"line":218,"column":0},"end":{"line":218,"column":48}},"17":{"start":{"line":219,"column":0},"end":{"line":219,"column":39}},"18":{"start":{"line":222,"column":0},"end":{"line":224,"column":2}},"19":{"start":{"line":223,"column":2},"end":{"line":223,"column":55}},"20":{"start":{"line":226,"column":0},"end":{"line":228,"column":2}},"21":{"start":{"line":227,"column":2},"end":{"line":227,"column":58}},"22":{"start":{"line":230,"column":0},"end":{"line":232,"column":2}},"23":{"start":{"line":231,"column":2},"end":{"line":231,"column":65}},"24":{"start":{"line":234,"column":0},"end":{"line":234,"column":58}}},"fnMap":{"0":{"name":"(anonymous_0)","decl":{"start":{"line":204,"column":30},"end":{"line":204,"column":31}},"loc":{"start":{"line":204,"column":46},"end":{"line":211,"column":1}},"line":204},"1":{"name":"(anonymous_1)","decl":{"start":{"line":222,"column":37},"end":{"line":222,"column":38}},"loc":{"start":{"line":222,"column":54},"end":{"line":224,"column":1}},"line":222},"2":{"name":"(anonymous_2)","decl":{"start":{"line":226,"column":38},"end":{"line":226,"column":39}},"loc":{"start":{"line":226,"column":56},"end":{"line":228,"column":1}},"line":226},"3":{"name":"(anonymous_3)","decl":{"start":{"line":230,"column":36},"end":{"line":230,"column":37}},"loc":{"start":{"line":230,"column":47},"end":{"line":232,"column":1}},"line":230}},"branchMap":{"0":{"loc":{"start":{"line":205,"column":2},"end":{"line":209,"column":3}},"type":"if","locations":[{"start":{"line":205,"column":2},"end":{"line":209,"column":3}},{"start":{},"end":{}}],"line":205}},"s":{"0":0,"1":0,"2":0,"3":0,"4":0,"5":0,"6":0,"7":0,"8":0,"9":0,"10":0,"11":0,"12":0,"13":0,"14":0,"15":0,"16":0,"17":0,"18":0,"19":0,"20":0,"21":0,"22":0,"23":0,"24":0},"f":{"0":0,"1":0,"2":0,"3":0},"b":{"0":[0,0]}}
,"C:\\Users\\HEWLETT\\Documents\\2026 DISEÑOS\\03 COMUNICACIONES\\02 Proyecto Plataforma RD\\models\\User.js": {"path":"C:\\Users\\HEWLETT\\Documents\\2026 DISEÑOS\\03 COMUNICACIONES\\02 Proyecto Plataforma RD\\models\\User.js","statementMap":{"0":{"start":{"line":2,"column":17},"end":{"line":2,"column":36}},"1":{"start":{"line":3,"column":15},"end":{"line":3,"column":34}},"2":{"start":{"line":5,"column":19},"end":{"line":5,"column":27}},"3":{"start":{"line":7,"column":19},"end":{"line":87,"column":1}},"4":{"start":{"line":90,"column":0},"end":{"line":100,"column":3}},"5":{"start":{"line":91,"column":2},"end":{"line":91,"column":50}},"6":{"start":{"line":91,"column":36},"end":{"line":91,"column":50}},"7":{"start":{"line":93,"column":2},"end":{"line":99,"column":3}},"8":{"start":{"line":94,"column":17},"end":{"line":94,"column":41}},"9":{"start":{"line":95,"column":4},"end":{"line":95,"column":59}},"10":{"start":{"line":96,"column":4},"end":{"line":96,"column":11}},"11":{"start":{"line":98,"column":4},"end":{"line":98,"column":14}},"12":{"start":{"line":103,"column":0},"end":{"line":105,"column":2}},"13":{"start":{"line":104,"column":2},"end":{"line":104,"column":58}},"14":{"start":{"line":108,"column":0},"end":{"line":108,"column":49}},"15":{"start":{"line":109,"column":0},"end":{"line":109,"column":43}},"16":{"start":{"line":110,"column":0},"end":{"line":110,"column":47}},"17":{"start":{"line":112,"column":0},"end":{"line":112,"column":52}}},"fnMap":{"0":{"name":"(anonymous_0)","decl":{"start":{"line":90,"column":23},"end":{"line":90,"column":24}},"loc":{"start":{"line":90,"column":45},"end":{"line":100,"column":1}},"line":90},"1":{"name":"(anonymous_1)","decl":{"start":{"line":103,"column":37},"end":{"line":103,"column":38}},"loc":{"start":{"line":103,"column":72},"end":{"line":105,"column":1}},"line":103}},"branchMap":{"0":{"loc":{"start":{"line":91,"column":2},"end":{"line":91,"column":50}},"type":"if","locations":[{"start":{"line":91,"column":2},"end":{"line":91,"column":50}},{"start":{},"end":{}}],"line":91}},"s":{"0":1,"1":1,"2":1,"3":1,"4":1,"5":10,"6":0,"7":10,"8":10,"9":10,"10":10,"11":0,"12":1,"13":2,"14":1,"15":1,"16":1,"17":1},"f":{"0":10,"1":2},"b":{"0":[0,10]},"_coverageSchema":"1a1c01bbd47fc00a2c39e90264f33305004495a9","hash":"7d0d5bacc7306dfc57ecc58dcacf92fe77a88984"}
,"C:\\Users\\HEWLETT\\Documents\\2026 DISEÑOS\\03 COMUNICACIONES\\02 Proyecto Plataforma RD\\routes\\adminRoutes.js": {"path":"C:\\Users\\HEWLETT\\Documents\\2026 DISEÑOS\\03 COMUNICACIONES\\02 Proyecto Plataforma RD\\routes\\adminRoutes.js","statementMap":{"0":{"start":{"line":2,"column":16},"end":{"line":2,"column":34}},"1":{"start":{"line":3,"column":15},"end":{"line":3,"column":31}},"2":{"start":{"line":4,"column":36},"end":{"line":4,"column":65}},"3":{"start":{"line":5,"column":13},"end":{"line":5,"column":38}},"4":{"start":{"line":6,"column":16},"end":{"line":6,"column":44}},"5":{"start":{"line":9,"column":0},"end":{"line":9,"column":47}},"6":{"start":{"line":15,"column":0},"end":{"line":48,"column":3}},"7":{"start":{"line":16,"column":17},"end":{"line":16,"column":41}},"8":{"start":{"line":18,"column":2},"end":{"line":47,"column":3}},"9":{"start":{"line":19,"column":17},"end":{"line":19,"column":46}},"10":{"start":{"line":20,"column":18},"end":{"line":20,"column":49}},"11":{"start":{"line":21,"column":17},"end":{"line":21,"column":35}},"12":{"start":{"line":23,"column":18},"end":{"line":23,"column":45}},"13":{"start":{"line":25,"column":18},"end":{"line":29,"column":19}},"14":{"start":{"line":31,"column":4},"end":{"line":40,"column":7}},"15":{"start":{"line":42,"column":4},"end":{"line":42,"column":73}},"16":{"start":{"line":43,"column":4},"end":{"line":46,"column":7}},"17":{"start":{"line":54,"column":0},"end":{"line":93,"column":3}},"18":{"start":{"line":55,"column":2},"end":{"line":92,"column":3}},"19":{"start":{"line":56,"column":84},"end":{"line":56,"column":92}},"20":{"start":{"line":58,"column":19},"end":{"line":58,"column":48}},"21":{"start":{"line":59,"column":4},"end":{"line":64,"column":5}},"22":{"start":{"line":60,"column":6},"end":{"line":63,"column":9}},"23":{"start":{"line":66,"column":17},"end":{"line":75,"column":6}},"24":{"start":{"line":77,"column":4},"end":{"line":77,"column":22}},"25":{"start":{"line":79,"column":21},"end":{"line":79,"column":36}},"26":{"start":{"line":80,"column":4},"end":{"line":80,"column":29}},"27":{"start":{"line":82,"column":4},"end":{"line":85,"column":7}},"28":{"start":{"line":87,"column":4},"end":{"line":87,"column":52}},"29":{"start":{"line":88,"column":4},"end":{"line":91,"column":7}},"30":{"start":{"line":99,"column":0},"end":{"line":127,"column":3}},"31":{"start":{"line":100,"column":2},"end":{"line":126,"column":3}},"32":{"start":{"line":101,"column":77},"end":{"line":101,"column":85}},"33":{"start":{"line":103,"column":17},"end":{"line":107,"column":25}},"34":{"start":{"line":109,"column":4},"end":{"line":114,"column":5}},"35":{"start":{"line":110,"column":6},"end":{"line":113,"column":9}},"36":{"start":{"line":116,"column":4},"end":{"line":119,"column":7}},"37":{"start":{"line":121,"column":4},"end":{"line":121,"column":57}},"38":{"start":{"line":122,"column":4},"end":{"line":125,"column":7}},"39":{"start":{"line":133,"column":0},"end":{"line":160,"column":3}},"40":{"start":{"line":134,"column":2},"end":{"line":159,"column":3}},"41":{"start":{"line":135,"column":17},"end":{"line":139,"column":25}},"42":{"start":{"line":141,"column":4},"end":{"line":146,"column":5}},"43":{"start":{"line":142,"column":6},"end":{"line":145,"column":9}},"44":{"start":{"line":148,"column":4},"end":{"line":152,"column":7}},"45":{"start":{"line":154,"column":4},"end":{"line":154,"column":57}},"46":{"start":{"line":155,"column":4},"end":{"line":158,"column":7}},"47":{"start":{"line":166,"column":0},"end":{"line":192,"column":3}},"48":{"start":{"line":167,"column":2},"end":{"line":191,"column":3}},"49":{"start":{"line":168,"column":29},"end":{"line":168,"column":42}},"50":{"start":{"line":170,"column":17},"end":{"line":170,"column":51}},"51":{"start":{"line":171,"column":4},"end":{"line":176,"column":5}},"52":{"start":{"line":172,"column":6},"end":{"line":175,"column":9}},"53":{"start":{"line":178,"column":4},"end":{"line":178,"column":37}},"54":{"start":{"line":179,"column":4},"end":{"line":179,"column":22}},"55":{"start":{"line":181,"column":4},"end":{"line":184,"column":7}},"56":{"start":{"line":186,"column":4},"end":{"line":186,"column":58}},"57":{"start":{"line":187,"column":4},"end":{"line":190,"column":7}},"58":{"start":{"line":198,"column":0},"end":{"line":216,"column":3}},"59":{"start":{"line":199,"column":2},"end":{"line":215,"column":3}},"60":{"start":{"line":200,"column":21},"end":{"line":203,"column":30}},"61":{"start":{"line":205,"column":4},"end":{"line":208,"column":7}},"62":{"start":{"line":210,"column":4},"end":{"line":210,"column":58}},"63":{"start":{"line":211,"column":4},"end":{"line":214,"column":7}},"64":{"start":{"line":222,"column":0},"end":{"line":245,"column":3}},"65":{"start":{"line":223,"column":2},"end":{"line":244,"column":3}},"66":{"start":{"line":224,"column":18},"end":{"line":224,"column":48}},"67":{"start":{"line":225,"column":22},"end":{"line":225,"column":75}},"68":{"start":{"line":226,"column":22},"end":{"line":226,"column":76}},"69":{"start":{"line":227,"column":20},"end":{"line":227,"column":71}},"70":{"start":{"line":229,"column":4},"end":{"line":237,"column":7}},"71":{"start":{"line":239,"column":4},"end":{"line":239,"column":59}},"72":{"start":{"line":240,"column":4},"end":{"line":243,"column":7}},"73":{"start":{"line":251,"column":0},"end":{"line":273,"column":3}},"74":{"start":{"line":252,"column":2},"end":{"line":272,"column":3}},"75":{"start":{"line":253,"column":20},"end":{"line":253,"column":66}},"76":{"start":{"line":255,"column":4},"end":{"line":260,"column":5}},"77":{"start":{"line":256,"column":6},"end":{"line":259,"column":9}},"78":{"start":{"line":262,"column":4},"end":{"line":265,"column":7}},"79":{"start":{"line":267,"column":4},"end":{"line":267,"column":57}},"80":{"start":{"line":268,"column":4},"end":{"line":271,"column":7}},"81":{"start":{"line":279,"column":0},"end":{"line":310,"column":3}},"82":{"start":{"line":280,"column":2},"end":{"line":309,"column":3}},"83":{"start":{"line":281,"column":18},"end":{"line":281,"column":62}},"84":{"start":{"line":283,"column":19},"end":{"line":283,"column":76}},"85":{"start":{"line":284,"column":17},"end":{"line":296,"column":17}},"86":{"start":{"line":286,"column":8},"end":{"line":294,"column":19}},"87":{"start":{"line":298,"column":16},"end":{"line":298,"column":29}},"88":{"start":{"line":300,"column":4},"end":{"line":300,"column":46}},"89":{"start":{"line":301,"column":4},"end":{"line":301,"column":80}},"90":{"start":{"line":302,"column":4},"end":{"line":302,"column":18}},"91":{"start":{"line":304,"column":4},"end":{"line":304,"column":56}},"92":{"start":{"line":305,"column":4},"end":{"line":308,"column":7}},"93":{"start":{"line":316,"column":0},"end":{"line":354,"column":3}},"94":{"start":{"line":317,"column":2},"end":{"line":353,"column":3}},"95":{"start":{"line":318,"column":21},"end":{"line":318,"column":48}},"96":{"start":{"line":321,"column":6},"end":{"line":321,"column":93}},"97":{"start":{"line":323,"column":17},"end":{"line":337,"column":17}},"98":{"start":{"line":325,"column":8},"end":{"line":335,"column":19}},"99":{"start":{"line":339,"column":16},"end":{"line":339,"column":29}},"100":{"start":{"line":341,"column":4},"end":{"line":341,"column":46}},"101":{"start":{"line":342,"column":4},"end":{"line":345,"column":6}},"102":{"start":{"line":346,"column":4},"end":{"line":346,"column":18}},"103":{"start":{"line":348,"column":4},"end":{"line":348,"column":59}},"104":{"start":{"line":349,"column":4},"end":{"line":352,"column":7}},"105":{"start":{"line":356,"column":0},"end":{"line":356,"column":24}}},"fnMap":{"0":{"name":"(anonymous_0)","decl":{"start":{"line":15,"column":21},"end":{"line":15,"column":22}},"loc":{"start":{"line":15,"column":41},"end":{"line":48,"column":1}},"line":15},"1":{"name":"(anonymous_1)","decl":{"start":{"line":54,"column":22},"end":{"line":54,"column":23}},"loc":{"start":{"line":54,"column":42},"end":{"line":93,"column":1}},"line":54},"2":{"name":"(anonymous_2)","decl":{"start":{"line":99,"column":27},"end":{"line":99,"column":28}},"loc":{"start":{"line":99,"column":47},"end":{"line":127,"column":1}},"line":99},"3":{"name":"(anonymous_3)","decl":{"start":{"line":133,"column":28},"end":{"line":133,"column":29}},"loc":{"start":{"line":133,"column":48},"end":{"line":160,"column":1}},"line":133},"4":{"name":"(anonymous_4)","decl":{"start":{"line":166,"column":42},"end":{"line":166,"column":43}},"loc":{"start":{"line":166,"column":62},"end":{"line":192,"column":1}},"line":166},"5":{"name":"(anonymous_5)","decl":{"start":{"line":198,"column":24},"end":{"line":198,"column":25}},"loc":{"start":{"line":198,"column":44},"end":{"line":216,"column":1}},"line":198},"6":{"name":"(anonymous_6)","decl":{"start":{"line":222,"column":30},"end":{"line":222,"column":31}},"loc":{"start":{"line":222,"column":50},"end":{"line":245,"column":1}},"line":222},"7":{"name":"(anonymous_7)","decl":{"start":{"line":251,"column":31},"end":{"line":251,"column":32}},"loc":{"start":{"line":251,"column":51},"end":{"line":273,"column":1}},"line":251},"8":{"name":"(anonymous_8)","decl":{"start":{"line":279,"column":28},"end":{"line":279,"column":29}},"loc":{"start":{"line":279,"column":48},"end":{"line":310,"column":1}},"line":279},"9":{"name":"(anonymous_9)","decl":{"start":{"line":285,"column":11},"end":{"line":285,"column":12}},"loc":{"start":{"line":286,"column":8},"end":{"line":294,"column":19}},"line":286},"10":{"name":"(anonymous_10)","decl":{"start":{"line":316,"column":31},"end":{"line":316,"column":32}},"loc":{"start":{"line":316,"column":51},"end":{"line":354,"column":1}},"line":316},"11":{"name":"(anonymous_11)","decl":{"start":{"line":324,"column":11},"end":{"line":324,"column":12}},"loc":{"start":{"line":325,"column":8},"end":{"line":335,"column":19}},"line":325}},"branchMap":{"0":{"loc":{"start":{"line":16,"column":17},"end":{"line":16,"column":41}},"type":"binary-expr","locations":[{"start":{"line":16,"column":17},"end":{"line":16,"column":30}},{"start":{"line":16,"column":34},"end":{"line":16,"column":41}}],"line":16},"1":{"loc":{"start":{"line":19,"column":17},"end":{"line":19,"column":46}},"type":"binary-expr","locations":[{"start":{"line":19,"column":17},"end":{"line":19,"column":41}},{"start":{"line":19,"column":45},"end":{"line":19,"column":46}}],"line":19},"2":{"loc":{"start":{"line":20,"column":18},"end":{"line":20,"column":49}},"type":"binary-expr","locations":[{"start":{"line":20,"column":18},"end":{"line":20,"column":43}},{"start":{"line":20,"column":47},"end":{"line":20,"column":49}}],"line":20},"3":{"loc":{"start":{"line":59,"column":4},"end":{"line":64,"column":5}},"type":"if","locations":[{"start":{"line":59,"column":4},"end":{"line":64,"column":5}},{"start":{},"end":{}}],"line":59},"4":{"loc":{"start":{"line":109,"column":4},"end":{"line":114,"column":5}},"type":"if","locations":[{"start":{"line":109,"column":4},"end":{"line":114,"column":5}},{"start":{},"end":{}}],"line":109},"5":{"loc":{"start":{"line":141,"column":4},"end":{"line":146,"column":5}},"type":"if","locations":[{"start":{"line":141,"column":4},"end":{"line":146,"column":5}},{"start":{},"end":{}}],"line":141},"6":{"loc":{"start":{"line":171,"column":4},"end":{"line":176,"column":5}},"type":"if","locations":[{"start":{"line":171,"column":4},"end":{"line":176,"column":5}},{"start":{},"end":{}}],"line":171},"7":{"loc":{"start":{"line":255,"column":4},"end":{"line":260,"column":5}},"type":"if","locations":[{"start":{"line":255,"column":4},"end":{"line":260,"column":5}},{"start":{},"end":{}}],"line":255},"8":{"loc":{"start":{"line":327,"column":11},"end":{"line":327,"column":24}},"type":"binary-expr","locations":[{"start":{"line":327,"column":11},"end":{"line":327,"column":18}},{"start":{"line":327,"column":22},"end":{"line":327,"column":24}}],"line":327},"9":{"loc":{"start":{"line":332,"column":10},"end":{"line":332,"column":58}},"type":"cond-expr","locations":[{"start":{"line":332,"column":26},"end":{"line":332,"column":53}},{"start":{"line":332,"column":56},"end":{"line":332,"column":58}}],"line":332},"10":{"loc":{"start":{"line":333,"column":10},"end":{"line":333,"column":60}},"type":"cond-expr","locations":[{"start":{"line":333,"column":27},"end":{"line":333,"column":55}},{"start":{"line":333,"column":58},"end":{"line":333,"column":60}}],"line":333},"11":{"loc":{"start":{"line":334,"column":10},"end":{"line":334,"column":62}},"type":"cond-expr","locations":[{"start":{"line":334,"column":28},"end":{"line":334,"column":57}},{"start":{"line":334,"column":60},"end":{"line":334,"column":62}}],"line":334}},"s":{"0":0,"1":0,"2":0,"3":0,"4":0,"5":0,"6":0,"7":0,"8":0,"9":0,"10":0,"11":0,"12":0,"13":0,"14":0,"15":0,"16":0,"17":0,"18":0,"19":0,"20":0,"21":0,"22":0,"23":0,"24":0,"25":0,"26":0,"27":0,"28":0,"29":0,"30":0,"31":0,"32":0,"33":0,"34":0,"35":0,"36":0,"37":0,"38":0,"39":0,"40":0,"41":0,"42":0,"43":0,"44":0,"45":0,"46":0,"47":0,"48":0,"49":0,"50":0,"51":0,"52":0,"53":0,"54":0,"55":0,"56":0,"57":0,"58":0,"59":0,"60":0,"61":0,"62":0,"63":0,"64":0,"65":0,"66":0,"67":0,"68":0,"69":0,"70":0,"71":0,"72":0,"73":0,"74":0,"75":0,"76":0,"77":0,"78":0,"79":0,"80":0,"81":0,"82":0,"83":0,"84":0,"85":0,"86":0,"87":0,"88":0,"89":0,"90":0,"91":0,"92":0,"93":0,"94":0,"95":0,"96":0,"97":0,"98":0,"99":0,"100":0,"101":0,"102":0,"103":0,"104":0,"105":0},"f":{"0":0,"1":0,"2":0,"3":0,"4":0,"5":0,"6":0,"7":0,"8":0,"9":0,"10":0,"11":0},"b":{"0":[0,0],"1":[0,0],"2":[0,0],"3":[0,0],"4":[0,0],"5":[0,0],"6":[0,0],"7":[0,0],"8":[0,0],"9":[0,0],"10":[0,0],"11":[0,0]}}
,"C:\\Users\\HEWLETT\\Documents\\2026 DISEÑOS\\03 COMUNICACIONES\\02 Proyecto Plataforma RD\\routes\\authRoutes.js": {"path":"C:\\Users\\HEWLETT\\Documents\\2026 DISEÑOS\\03 COMUNICACIONES\\02 Proyecto Plataforma RD\\routes\\authRoutes.js","statementMap":{"0":{"start":{"line":2,"column":16},"end":{"line":2,"column":34}},"1":{"start":{"line":3,"column":12},"end":{"line":3,"column":35}},"2":{"start":{"line":4,"column":15},"end":{"line":4,"column":34}},"3":{"start":{"line":5,"column":18},"end":{"line":5,"column":47}},"4":{"start":{"line":6,"column":13},"end":{"line":6,"column":38}},"5":{"start":{"line":8,"column":15},"end":{"line":8,"column":31}},"6":{"start":{"line":11,"column":21},"end":{"line":28,"column":2}},"7":{"start":{"line":18,"column":19},"end":{"line":18,"column":43}},"8":{"start":{"line":19,"column":4},"end":{"line":22,"column":7}},"9":{"start":{"line":23,"column":4},"end":{"line":26,"column":7}},"10":{"start":{"line":30,"column":24},"end":{"line":34,"column":2}},"11":{"start":{"line":38,"column":2},"end":{"line":48,"column":4}},"12":{"start":{"line":52,"column":0},"end":{"line":121,"column":3}},"13":{"start":{"line":53,"column":17},"end":{"line":53,"column":41}},"14":{"start":{"line":55,"column":2},"end":{"line":120,"column":3}},"15":{"start":{"line":56,"column":32},"end":{"line":56,"column":40}},"16":{"start":{"line":59,"column":4},"end":{"line":65,"column":5}},"17":{"start":{"line":60,"column":6},"end":{"line":60,"column":66}},"18":{"start":{"line":61,"column":6},"end":{"line":64,"column":9}},"19":{"start":{"line":67,"column":4},"end":{"line":67,"column":49}},"20":{"start":{"line":70,"column":17},"end":{"line":70,"column":66}},"21":{"start":{"line":72,"column":4},"end":{"line":78,"column":5}},"22":{"start":{"line":73,"column":6},"end":{"line":73,"column":71}},"23":{"start":{"line":74,"column":6},"end":{"line":77,"column":9}},"24":{"start":{"line":81,"column":20},"end":{"line":81,"column":56}},"25":{"start":{"line":82,"column":4},"end":{"line":88,"column":5}},"26":{"start":{"line":83,"column":6},"end":{"line":83,"column":76}},"27":{"start":{"line":84,"column":6},"end":{"line":87,"column":9}},"28":{"start":{"line":91,"column":4},"end":{"line":97,"column":5}},"29":{"start":{"line":92,"column":6},"end":{"line":92,"column":50}},"30":{"start":{"line":93,"column":6},"end":{"line":96,"column":9}},"31":{"start":{"line":100,"column":18},"end":{"line":100,"column":37}},"32":{"start":{"line":101,"column":4},"end":{"line":101,"column":60}},"33":{"start":{"line":104,"column":21},"end":{"line":104,"column":36}},"34":{"start":{"line":105,"column":4},"end":{"line":105,"column":29}},"35":{"start":{"line":107,"column":4},"end":{"line":112,"column":7}},"36":{"start":{"line":115,"column":4},"end":{"line":115,"column":84}},"37":{"start":{"line":116,"column":4},"end":{"line":119,"column":7}},"38":{"start":{"line":124,"column":0},"end":{"line":187,"column":3}},"39":{"start":{"line":125,"column":17},"end":{"line":125,"column":41}},"40":{"start":{"line":127,"column":2},"end":{"line":186,"column":3}},"41":{"start":{"line":128,"column":65},"end":{"line":128,"column":73}},"42":{"start":{"line":131,"column":4},"end":{"line":136,"column":5}},"43":{"start":{"line":132,"column":6},"end":{"line":135,"column":9}},"44":{"start":{"line":139,"column":4},"end":{"line":144,"column":5}},"45":{"start":{"line":140,"column":6},"end":{"line":143,"column":9}},"46":{"start":{"line":147,"column":21},"end":{"line":147,"column":50}},"47":{"start":{"line":148,"column":4},"end":{"line":153,"column":5}},"48":{"start":{"line":149,"column":6},"end":{"line":152,"column":9}},"49":{"start":{"line":156,"column":17},"end":{"line":163,"column":6}},"50":{"start":{"line":165,"column":4},"end":{"line":165,"column":22}},"51":{"start":{"line":166,"column":4},"end":{"line":166,"column":71}},"52":{"start":{"line":168,"column":18},"end":{"line":168,"column":37}},"53":{"start":{"line":170,"column":21},"end":{"line":170,"column":36}},"54":{"start":{"line":171,"column":4},"end":{"line":171,"column":29}},"55":{"start":{"line":173,"column":4},"end":{"line":178,"column":7}},"56":{"start":{"line":181,"column":4},"end":{"line":181,"column":87}},"57":{"start":{"line":182,"column":4},"end":{"line":185,"column":7}},"58":{"start":{"line":191,"column":0},"end":{"line":216,"column":3}},"59":{"start":{"line":192,"column":2},"end":{"line":215,"column":3}},"60":{"start":{"line":193,"column":17},"end":{"line":193,"column":49}},"61":{"start":{"line":194,"column":4},"end":{"line":199,"column":5}},"62":{"start":{"line":195,"column":6},"end":{"line":198,"column":9}},"63":{"start":{"line":201,"column":21},"end":{"line":201,"column":36}},"64":{"start":{"line":202,"column":4},"end":{"line":202,"column":29}},"65":{"start":{"line":204,"column":4},"end":{"line":207,"column":7}},"66":{"start":{"line":210,"column":4},"end":{"line":210,"column":46}},"67":{"start":{"line":211,"column":4},"end":{"line":214,"column":7}},"68":{"start":{"line":218,"column":0},"end":{"line":218,"column":24}}},"fnMap":{"0":{"name":"(anonymous_0)","decl":{"start":{"line":17,"column":11},"end":{"line":17,"column":12}},"loc":{"start":{"line":17,"column":25},"end":{"line":27,"column":3}},"line":17},"1":{"name":"generateToken","decl":{"start":{"line":37,"column":9},"end":{"line":37,"column":22}},"loc":{"start":{"line":37,"column":29},"end":{"line":49,"column":1}},"line":37},"2":{"name":"(anonymous_2)","decl":{"start":{"line":52,"column":36},"end":{"line":52,"column":37}},"loc":{"start":{"line":52,"column":56},"end":{"line":121,"column":1}},"line":52},"3":{"name":"(anonymous_3)","decl":{"start":{"line":124,"column":42},"end":{"line":124,"column":43}},"loc":{"start":{"line":124,"column":62},"end":{"line":187,"column":1}},"line":124},"4":{"name":"(anonymous_4)","decl":{"start":{"line":191,"column":62},"end":{"line":191,"column":63}},"loc":{"start":{"line":191,"column":82},"end":{"line":216,"column":1}},"line":191}},"branchMap":{"0":{"loc":{"start":{"line":18,"column":19},"end":{"line":18,"column":43}},"type":"binary-expr","locations":[{"start":{"line":18,"column":19},"end":{"line":18,"column":32}},{"start":{"line":18,"column":36},"end":{"line":18,"column":43}}],"line":18},"1":{"loc":{"start":{"line":47,"column":17},"end":{"line":47,"column":47}},"type":"binary-expr","locations":[{"start":{"line":47,"column":17},"end":{"line":47,"column":39}},{"start":{"line":47,"column":43},"end":{"line":47,"column":47}}],"line":47},"2":{"loc":{"start":{"line":53,"column":17},"end":{"line":53,"column":41}},"type":"binary-expr","locations":[{"start":{"line":53,"column":17},"end":{"line":53,"column":30}},{"start":{"line":53,"column":34},"end":{"line":53,"column":41}}],"line":53},"3":{"loc":{"start":{"line":59,"column":4},"end":{"line":65,"column":5}},"type":"if","locations":[{"start":{"line":59,"column":4},"end":{"line":65,"column":5}},{"start":{},"end":{}}],"line":59},"4":{"loc":{"start":{"line":59,"column":8},"end":{"line":59,"column":27}},"type":"binary-expr","locations":[{"start":{"line":59,"column":8},"end":{"line":59,"column":14}},{"start":{"line":59,"column":18},"end":{"line":59,"column":27}}],"line":59},"5":{"loc":{"start":{"line":72,"column":4},"end":{"line":78,"column":5}},"type":"if","locations":[{"start":{"line":72,"column":4},"end":{"line":78,"column":5}},{"start":{},"end":{}}],"line":72},"6":{"loc":{"start":{"line":82,"column":4},"end":{"line":88,"column":5}},"type":"if","locations":[{"start":{"line":82,"column":4},"end":{"line":88,"column":5}},{"start":{},"end":{}}],"line":82},"7":{"loc":{"start":{"line":91,"column":4},"end":{"line":97,"column":5}},"type":"if","locations":[{"start":{"line":91,"column":4},"end":{"line":97,"column":5}},{"start":{},"end":{}}],"line":91},"8":{"loc":{"start":{"line":125,"column":17},"end":{"line":125,"column":41}},"type":"binary-expr","locations":[{"start":{"line":125,"column":17},"end":{"line":125,"column":30}},{"start":{"line":125,"column":34},"end":{"line":125,"column":41}}],"line":125},"9":{"loc":{"start":{"line":131,"column":4},"end":{"line":136,"column":5}},"type":"if","locations":[{"start":{"line":131,"column":4},"end":{"line":136,"column":5}},{"start":{},"end":{}}],"line":131},"10":{"loc":{"start":{"line":131,"column":8},"end":{"line":131,"column":54}},"type":"binary-expr","locations":[{"start":{"line":131,"column":8},"end":{"line":131,"column":14}},{"start":{"line":131,"column":18},"end":{"line":131,"column":28}},{"start":{"line":131,"column":32},"end":{"line":131,"column":41}},{"start":{"line":131,"column":45},"end":{"line":131,"column":54}}],"line":131},"11":{"loc":{"start":{"line":139,"column":4},"end":{"line":144,"column":5}},"type":"if","locations":[{"start":{"line":139,"column":4},"end":{"line":144,"column":5}},{"start":{},"end":{}}],"line":139},"12":{"loc":{"start":{"line":148,"column":4},"end":{"line":153,"column":5}},"type":"if","locations":[{"start":{"line":148,"column":4},"end":{"line":153,"column":5}},{"start":{},"end":{}}],"line":148},"13":{"loc":{"start":{"line":162,"column":12},"end":{"line":162,"column":34}},"type":"binary-expr","locations":[{"start":{"line":162,"column":12},"end":{"line":162,"column":16}},{"start":{"line":162,"column":20},"end":{"line":162,"column":34}}],"line":162},"14":{"loc":{"start":{"line":194,"column":4},"end":{"line":199,"column":5}},"type":"if","locations":[{"start":{"line":194,"column":4},"end":{"line":199,"column":5}},{"start":{},"end":{}}],"line":194}},"s":{"0":0,"1":0,"2":0,"3":0,"4":0,"5":0,"6":0,"7":0,"8":0,"9":0,"10":0,"11":0,"12":0,"13":0,"14":0,"15":0,"16":0,"17":0,"18":0,"19":0,"20":0,"21":0,"22":0,"23":0,"24":0,"25":0,"26":0,"27":0,"28":0,"29":0,"30":0,"31":0,"32":0,"33":0,"34":0,"35":0,"36":0,"37":0,"38":0,"39":0,"40":0,"41":0,"42":0,"43":0,"44":0,"45":0,"46":0,"47":0,"48":0,"49":0,"50":0,"51":0,"52":0,"53":0,"54":0,"55":0,"56":0,"57":0,"58":0,"59":0,"60":0,"61":0,"62":0,"63":0,"64":0,"65":0,"66":0,"67":0,"68":0},"f":{"0":0,"1":0,"2":0,"3":0,"4":0},"b":{"0":[0,0],"1":[0,0],"2":[0,0],"3":[0,0],"4":[0,0],"5":[0,0],"6":[0,0],"7":[0,0],"8":[0,0],"9":[0,0],"10":[0,0,0,0],"11":[0,0],"12":[0,0],"13":[0,0],"14":[0,0]}}
,"C:\\Users\\HEWLETT\\Documents\\2026 DISEÑOS\\03 COMUNICACIONES\\02 Proyecto Plataforma RD\\routes\\departmentRoutes.js": {"path":"C:\\Users\\HEWLETT\\Documents\\2026 DISEÑOS\\03 COMUNICACIONES\\02 Proyecto Plataforma RD\\routes\\departmentRoutes.js","statementMap":{"0":{"start":{"line":2,"column":16},"end":{"line":2,"column":34}},"1":{"start":{"line":3,"column":15},"end":{"line":3,"column":31}},"2":{"start":{"line":4,"column":19},"end":{"line":4,"column":50}},"3":{"start":{"line":5,"column":36},"end":{"line":5,"column":65}},"4":{"start":{"line":8,"column":0},"end":{"line":8,"column":25}},"5":{"start":{"line":9,"column":0},"end":{"line":9,"column":33}},"6":{"start":{"line":12,"column":0},"end":{"line":29,"column":3}},"7":{"start":{"line":13,"column":2},"end":{"line":28,"column":3}},"8":{"start":{"line":14,"column":24},"end":{"line":16,"column":50}},"9":{"start":{"line":18,"column":4},"end":{"line":21,"column":7}},"10":{"start":{"line":23,"column":4},"end":{"line":27,"column":7}},"11":{"start":{"line":32,"column":0},"end":{"line":56,"column":3}},"12":{"start":{"line":33,"column":2},"end":{"line":55,"column":3}},"13":{"start":{"line":34,"column":34},"end":{"line":34,"column":42}},"14":{"start":{"line":36,"column":23},"end":{"line":40,"column":6}},"15":{"start":{"line":42,"column":4},"end":{"line":42,"column":28}},"16":{"start":{"line":44,"column":4},"end":{"line":48,"column":7}},"17":{"start":{"line":50,"column":4},"end":{"line":54,"column":7}},"18":{"start":{"line":59,"column":0},"end":{"line":88,"column":3}},"19":{"start":{"line":60,"column":2},"end":{"line":87,"column":3}},"20":{"start":{"line":61,"column":34},"end":{"line":61,"column":42}},"21":{"start":{"line":63,"column":23},"end":{"line":67,"column":5}},"22":{"start":{"line":69,"column":4},"end":{"line":74,"column":5}},"23":{"start":{"line":70,"column":6},"end":{"line":73,"column":9}},"24":{"start":{"line":76,"column":4},"end":{"line":80,"column":7}},"25":{"start":{"line":82,"column":4},"end":{"line":86,"column":7}},"26":{"start":{"line":91,"column":0},"end":{"line":117,"column":3}},"27":{"start":{"line":92,"column":2},"end":{"line":116,"column":3}},"28":{"start":{"line":93,"column":23},"end":{"line":97,"column":5}},"29":{"start":{"line":99,"column":4},"end":{"line":104,"column":5}},"30":{"start":{"line":100,"column":6},"end":{"line":103,"column":9}},"31":{"start":{"line":106,"column":4},"end":{"line":109,"column":7}},"32":{"start":{"line":111,"column":4},"end":{"line":115,"column":7}},"33":{"start":{"line":119,"column":0},"end":{"line":119,"column":24}}},"fnMap":{"0":{"name":"(anonymous_0)","decl":{"start":{"line":12,"column":16},"end":{"line":12,"column":17}},"loc":{"start":{"line":12,"column":36},"end":{"line":29,"column":1}},"line":12},"1":{"name":"(anonymous_1)","decl":{"start":{"line":32,"column":17},"end":{"line":32,"column":18}},"loc":{"start":{"line":32,"column":37},"end":{"line":56,"column":1}},"line":32},"2":{"name":"(anonymous_2)","decl":{"start":{"line":59,"column":21},"end":{"line":59,"column":22}},"loc":{"start":{"line":59,"column":41},"end":{"line":88,"column":1}},"line":59},"3":{"name":"(anonymous_3)","decl":{"start":{"line":91,"column":22},"end":{"line":91,"column":23}},"loc":{"start":{"line":91,"column":42},"end":{"line":117,"column":1}},"line":91}},"branchMap":{"0":{"loc":{"start":{"line":69,"column":4},"end":{"line":74,"column":5}},"type":"if","locations":[{"start":{"line":69,"column":4},"end":{"line":74,"column":5}},{"start":{},"end":{}}],"line":69},"1":{"loc":{"start":{"line":99,"column":4},"end":{"line":104,"column":5}},"type":"if","locations":[{"start":{"line":99,"column":4},"end":{"line":104,"column":5}},{"start":{},"end":{}}],"line":99}},"s":{"0":0,"1":0,"2":0,"3":0,"4":0,"5":0,"6":0,"7":0,"8":0,"9":0,"10":0,"11":0,"12":0,"13":0,"14":0,"15":0,"16":0,"17":0,"18":0,"19":0,"20":0,"21":0,"22":0,"23":0,"24":0,"25":0,"26":0,"27":0,"28":0,"29":0,"30":0,"31":0,"32":0,"33":0},"f":{"0":0,"1":0,"2":0,"3":0},"b":{"0":[0,0],"1":[0,0]}}
,"C:\\Users\\HEWLETT\\Documents\\2026 DISEÑOS\\03 COMUNICACIONES\\02 Proyecto Plataforma RD\\routes\\reportRoutes.js": {"path":"C:\\Users\\HEWLETT\\Documents\\2026 DISEÑOS\\03 COMUNICACIONES\\02 Proyecto Plataforma RD\\routes\\reportRoutes.js","statementMap":{"0":{"start":{"line":2,"column":16},"end":{"line":2,"column":34}},"1":{"start":{"line":3,"column":15},"end":{"line":3,"column":31}},"2":{"start":{"line":4,"column":36},"end":{"line":4,"column":65}},"3":{"start":{"line":5,"column":16},"end":{"line":5,"column":44}},"4":{"start":{"line":8,"column":0},"end":{"line":8,"column":25}},"5":{"start":{"line":14,"column":0},"end":{"line":56,"column":3}},"6":{"start":{"line":15,"column":2},"end":{"line":55,"column":3}},"7":{"start":{"line":16,"column":18},"end":{"line":16,"column":48}},"8":{"start":{"line":17,"column":22},"end":{"line":17,"column":75}},"9":{"start":{"line":18,"column":22},"end":{"line":18,"column":76}},"10":{"start":{"line":19,"column":21},"end":{"line":19,"column":71}},"11":{"start":{"line":20,"column":20},"end":{"line":20,"column":71}},"12":{"start":{"line":23,"column":30},"end":{"line":26,"column":42}},"13":{"start":{"line":28,"column":30},"end":{"line":28,"column":31}},"14":{"start":{"line":29,"column":4},"end":{"line":36,"column":5}},"15":{"start":{"line":30,"column":24},"end":{"line":34,"column":11}},"16":{"start":{"line":31,"column":23},"end":{"line":31,"column":54}},"17":{"start":{"line":32,"column":25},"end":{"line":32,"column":55}},"18":{"start":{"line":33,"column":8},"end":{"line":33,"column":30}},"19":{"start":{"line":35,"column":6},"end":{"line":35,"column":89}},"20":{"start":{"line":38,"column":4},"end":{"line":48,"column":7}},"21":{"start":{"line":50,"column":4},"end":{"line":50,"column":57}},"22":{"start":{"line":51,"column":4},"end":{"line":54,"column":7}},"23":{"start":{"line":62,"column":0},"end":{"line":106,"column":3}},"24":{"start":{"line":63,"column":2},"end":{"line":105,"column":3}},"25":{"start":{"line":64,"column":22},"end":{"line":87,"column":6}},"26":{"start":{"line":89,"column":4},"end":{"line":98,"column":7}},"27":{"start":{"line":91,"column":37},"end":{"line":97,"column":7}},"28":{"start":{"line":100,"column":4},"end":{"line":100,"column":55}},"29":{"start":{"line":101,"column":4},"end":{"line":104,"column":7}},"30":{"start":{"line":112,"column":0},"end":{"line":156,"column":3}},"31":{"start":{"line":113,"column":2},"end":{"line":155,"column":3}},"32":{"start":{"line":114,"column":22},"end":{"line":137,"column":6}},"33":{"start":{"line":139,"column":4},"end":{"line":148,"column":7}},"34":{"start":{"line":141,"column":37},"end":{"line":147,"column":7}},"35":{"start":{"line":150,"column":4},"end":{"line":150,"column":55}},"36":{"start":{"line":151,"column":4},"end":{"line":154,"column":7}},"37":{"start":{"line":162,"column":0},"end":{"line":182,"column":3}},"38":{"start":{"line":163,"column":2},"end":{"line":181,"column":3}},"39":{"start":{"line":164,"column":18},"end":{"line":164,"column":55}},"40":{"start":{"line":166,"column":19},"end":{"line":169,"column":56}},"41":{"start":{"line":171,"column":4},"end":{"line":174,"column":7}},"42":{"start":{"line":176,"column":4},"end":{"line":176,"column":54}},"43":{"start":{"line":177,"column":4},"end":{"line":180,"column":7}},"44":{"start":{"line":184,"column":0},"end":{"line":184,"column":24}}},"fnMap":{"0":{"name":"(anonymous_0)","decl":{"start":{"line":14,"column":25},"end":{"line":14,"column":26}},"loc":{"start":{"line":14,"column":45},"end":{"line":56,"column":1}},"line":14},"1":{"name":"(anonymous_1)","decl":{"start":{"line":30,"column":49},"end":{"line":30,"column":50}},"loc":{"start":{"line":30,"column":61},"end":{"line":34,"column":7}},"line":30},"2":{"name":"(anonymous_2)","decl":{"start":{"line":62,"column":23},"end":{"line":62,"column":24}},"loc":{"start":{"line":62,"column":43},"end":{"line":106,"column":1}},"line":62},"3":{"name":"(anonymous_3)","decl":{"start":{"line":91,"column":31},"end":{"line":91,"column":32}},"loc":{"start":{"line":91,"column":37},"end":{"line":97,"column":7}},"line":91},"4":{"name":"(anonymous_4)","decl":{"start":{"line":112,"column":23},"end":{"line":112,"column":24}},"loc":{"start":{"line":112,"column":43},"end":{"line":156,"column":1}},"line":112},"5":{"name":"(anonymous_5)","decl":{"start":{"line":141,"column":31},"end":{"line":141,"column":32}},"loc":{"start":{"line":141,"column":37},"end":{"line":147,"column":7}},"line":141},"6":{"name":"(anonymous_6)","decl":{"start":{"line":162,"column":22},"end":{"line":162,"column":23}},"loc":{"start":{"line":162,"column":42},"end":{"line":182,"column":1}},"line":162}},"branchMap":{"0":{"loc":{"start":{"line":29,"column":4},"end":{"line":36,"column":5}},"type":"if","locations":[{"start":{"line":29,"column":4},"end":{"line":36,"column":5}},{"start":{},"end":{}}],"line":29},"1":{"loc":{"start":{"line":164,"column":27},"end":{"line":164,"column":50}},"type":"binary-expr","locations":[{"start":{"line":164,"column":27},"end":{"line":164,"column":42}},{"start":{"line":164,"column":46},"end":{"line":164,"column":50}}],"line":164}},"s":{"0":0,"1":0,"2":0,"3":0,"4":0,"5":0,"6":0,"7":0,"8":0,"9":0,"10":0,"11":0,"12":0,"13":0,"14":0,"15":0,"16":0,"17":0,"18":0,"19":0,"20":0,"21":0,"22":0,"23":0,"24":0,"25":0,"26":0,"27":0,"28":0,"29":0,"30":0,"31":0,"32":0,"33":0,"34":0,"35":0,"36":0,"37":0,"38":0,"39":0,"40":0,"41":0,"42":0,"43":0,"44":0},"f":{"0":0,"1":0,"2":0,"3":0,"4":0,"5":0,"6":0},"b":{"0":[0,0],"1":[0,0]}}
,"C:\\Users\\HEWLETT\\Documents\\2026 DISEÑOS\\03 COMUNICACIONES\\02 Proyecto Plataforma RD\\routes\\requestRoutes.js": {"path":"C:\\Users\\HEWLETT\\Documents\\2026 DISEÑOS\\03 COMUNICACIONES\\02 Proyecto Plataforma RD\\routes\\requestRoutes.js","statementMap":{"0":{"start":{"line":2,"column":16},"end":{"line":2,"column":34}},"1":{"start":{"line":3,"column":15},"end":{"line":3,"column":32}},"2":{"start":{"line":4,"column":20},"end":{"line":4,"column":42}},"3":{"start":{"line":5,"column":25},"end":{"line":5,"column":54}},"4":{"start":{"line":6,"column":16},"end":{"line":6,"column":44}},"5":{"start":{"line":7,"column":19},"end":{"line":7,"column":50}},"6":{"start":{"line":8,"column":55},"end":{"line":8,"column":81}},"7":{"start":{"line":9,"column":67},"end":{"line":9,"column":96}},"8":{"start":{"line":10,"column":69},"end":{"line":10,"column":99}},"9":{"start":{"line":12,"column":15},"end":{"line":12,"column":31}},"10":{"start":{"line":15,"column":16},"end":{"line":15,"column":38}},"11":{"start":{"line":16,"column":15},"end":{"line":16,"column":34}},"12":{"start":{"line":19,"column":0},"end":{"line":19,"column":25}},"13":{"start":{"line":25,"column":0},"end":{"line":149,"column":3}},"14":{"start":{"line":26,"column":2},"end":{"line":148,"column":3}},"15":{"start":{"line":36,"column":8},"end":{"line":36,"column":16}},"16":{"start":{"line":38,"column":4},"end":{"line":43,"column":5}},"17":{"start":{"line":39,"column":6},"end":{"line":42,"column":9}},"18":{"start":{"line":45,"column":24},"end":{"line":45,"column":26}},"19":{"start":{"line":48,"column":4},"end":{"line":70,"column":5}},"20":{"start":{"line":49,"column":6},"end":{"line":69,"column":7}},"21":{"start":{"line":50,"column":23},"end":{"line":62,"column":10}},"22":{"start":{"line":51,"column":25},"end":{"line":60,"column":11}},"23":{"start":{"line":57,"column":14},"end":{"line":58,"column":35}},"24":{"start":{"line":57,"column":25},"end":{"line":57,"column":39}},"25":{"start":{"line":58,"column":19},"end":{"line":58,"column":35}},"26":{"start":{"line":61,"column":10},"end":{"line":61,"column":65}},"27":{"start":{"line":64,"column":8},"end":{"line":68,"column":11}},"28":{"start":{"line":72,"column":20},"end":{"line":84,"column":6}},"29":{"start":{"line":86,"column":4},"end":{"line":86,"column":25}},"30":{"start":{"line":89,"column":25},"end":{"line":89,"column":57}},"31":{"start":{"line":90,"column":4},"end":{"line":110,"column":5}},"32":{"start":{"line":91,"column":6},"end":{"line":91,"column":44}},"33":{"start":{"line":92,"column":6},"end":{"line":92,"column":36}},"34":{"start":{"line":93,"column":6},"end":{"line":93,"column":27}},"35":{"start":{"line":94,"column":6},"end":{"line":94,"column":136}},"36":{"start":{"line":97,"column":6},"end":{"line":103,"column":7}},"37":{"start":{"line":98,"column":8},"end":{"line":100,"column":9}},"38":{"start":{"line":99,"column":10},"end":{"line":99,"column":65}},"39":{"start":{"line":102,"column":8},"end":{"line":102,"column":74}},"40":{"start":{"line":106,"column":23},"end":{"line":106,"column":64}},"41":{"start":{"line":107,"column":6},"end":{"line":107,"column":39}},"42":{"start":{"line":108,"column":6},"end":{"line":108,"column":27}},"43":{"start":{"line":109,"column":6},"end":{"line":109,"column":89}},"44":{"start":{"line":113,"column":4},"end":{"line":117,"column":5}},"45":{"start":{"line":114,"column":6},"end":{"line":114,"column":32}},"46":{"start":{"line":116,"column":6},"end":{"line":116,"column":74}},"47":{"start":{"line":120,"column":4},"end":{"line":129,"column":5}},"48":{"start":{"line":121,"column":6},"end":{"line":126,"column":7}},"49":{"start":{"line":122,"column":24},"end":{"line":124,"column":129}},"50":{"start":{"line":128,"column":6},"end":{"line":128,"column":74}},"51":{"start":{"line":131,"column":4},"end":{"line":137,"column":7}},"52":{"start":{"line":139,"column":4},"end":{"line":139,"column":64}},"53":{"start":{"line":140,"column":4},"end":{"line":140,"column":41}},"54":{"start":{"line":141,"column":4},"end":{"line":141,"column":46}},"55":{"start":{"line":142,"column":4},"end":{"line":147,"column":7}},"56":{"start":{"line":157,"column":0},"end":{"line":199,"column":3}},"57":{"start":{"line":158,"column":17},"end":{"line":158,"column":41}},"58":{"start":{"line":160,"column":2},"end":{"line":198,"column":3}},"59":{"start":{"line":161,"column":17},"end":{"line":161,"column":46}},"60":{"start":{"line":162,"column":18},"end":{"line":162,"column":49}},"61":{"start":{"line":163,"column":17},"end":{"line":163,"column":35}},"62":{"start":{"line":165,"column":19},"end":{"line":165,"column":21}},"63":{"start":{"line":166,"column":4},"end":{"line":168,"column":5}},"64":{"start":{"line":167,"column":6},"end":{"line":167,"column":37}},"65":{"start":{"line":171,"column":18},"end":{"line":171,"column":54}},"66":{"start":{"line":173,"column":21},"end":{"line":178,"column":19}},"67":{"start":{"line":180,"column":4},"end":{"line":191,"column":7}},"68":{"start":{"line":193,"column":4},"end":{"line":193,"column":76}},"69":{"start":{"line":194,"column":4},"end":{"line":197,"column":7}},"70":{"start":{"line":205,"column":0},"end":{"line":244,"column":3}},"71":{"start":{"line":206,"column":17},"end":{"line":206,"column":41}},"72":{"start":{"line":208,"column":2},"end":{"line":243,"column":3}},"73":{"start":{"line":209,"column":20},"end":{"line":212,"column":69}},"74":{"start":{"line":214,"column":4},"end":{"line":219,"column":5}},"75":{"start":{"line":215,"column":6},"end":{"line":218,"column":9}},"76":{"start":{"line":222,"column":24},"end":{"line":222,"column":72}},"77":{"start":{"line":223,"column":23},"end":{"line":223,"column":94}},"78":{"start":{"line":224,"column":20},"end":{"line":224,"column":45}},"79":{"start":{"line":226,"column":4},"end":{"line":231,"column":5}},"80":{"start":{"line":227,"column":6},"end":{"line":230,"column":9}},"81":{"start":{"line":233,"column":4},"end":{"line":236,"column":7}},"82":{"start":{"line":238,"column":4},"end":{"line":238,"column":56}},"83":{"start":{"line":239,"column":4},"end":{"line":242,"column":7}},"84":{"start":{"line":250,"column":0},"end":{"line":292,"column":3}},"85":{"start":{"line":251,"column":2},"end":{"line":291,"column":3}},"86":{"start":{"line":252,"column":25},"end":{"line":252,"column":61}},"87":{"start":{"line":255,"column":28},"end":{"line":259,"column":26}},"88":{"start":{"line":262,"column":4},"end":{"line":266,"column":7}},"89":{"start":{"line":263,"column":26},"end":{"line":263,"column":75}},"90":{"start":{"line":264,"column":6},"end":{"line":264,"column":48}},"91":{"start":{"line":264,"column":29},"end":{"line":264,"column":48}},"92":{"start":{"line":265,"column":6},"end":{"line":265,"column":57}},"93":{"start":{"line":269,"column":16},"end":{"line":269,"column":26}},"94":{"start":{"line":270,"column":29},"end":{"line":278,"column":6}},"95":{"start":{"line":271,"column":23},"end":{"line":271,"column":79}},"96":{"start":{"line":272,"column":6},"end":{"line":277,"column":8}},"97":{"start":{"line":280,"column":4},"end":{"line":284,"column":7}},"98":{"start":{"line":286,"column":4},"end":{"line":286,"column":51}},"99":{"start":{"line":287,"column":4},"end":{"line":290,"column":7}},"100":{"start":{"line":298,"column":0},"end":{"line":393,"column":3}},"101":{"start":{"line":299,"column":17},"end":{"line":299,"column":41}},"102":{"start":{"line":300,"column":24},"end":{"line":300,"column":53}},"103":{"start":{"line":302,"column":2},"end":{"line":392,"column":3}},"104":{"start":{"line":303,"column":44},"end":{"line":303,"column":52}},"105":{"start":{"line":305,"column":20},"end":{"line":308,"column":5}},"106":{"start":{"line":310,"column":4},"end":{"line":315,"column":5}},"107":{"start":{"line":311,"column":6},"end":{"line":314,"column":9}},"108":{"start":{"line":317,"column":4},"end":{"line":370,"column":5}},"109":{"start":{"line":319,"column":27},"end":{"line":319,"column":106}},"110":{"start":{"line":320,"column":6},"end":{"line":326,"column":7}},"111":{"start":{"line":321,"column":8},"end":{"line":321,"column":88}},"112":{"start":{"line":322,"column":8},"end":{"line":325,"column":11}},"113":{"start":{"line":329,"column":6},"end":{"line":335,"column":7}},"114":{"start":{"line":330,"column":8},"end":{"line":330,"column":93}},"115":{"start":{"line":331,"column":8},"end":{"line":334,"column":11}},"116":{"start":{"line":337,"column":6},"end":{"line":337,"column":30}},"117":{"start":{"line":339,"column":6},"end":{"line":341,"column":7}},"118":{"start":{"line":340,"column":8},"end":{"line":340,"column":43}},"119":{"start":{"line":344,"column":6},"end":{"line":350,"column":7}},"120":{"start":{"line":345,"column":8},"end":{"line":349,"column":11}},"121":{"start":{"line":353,"column":6},"end":{"line":363,"column":7}},"122":{"start":{"line":354,"column":8},"end":{"line":360,"column":9}},"123":{"start":{"line":355,"column":10},"end":{"line":359,"column":12}},"124":{"start":{"line":362,"column":8},"end":{"line":362,"column":80}},"125":{"start":{"line":365,"column":6},"end":{"line":369,"column":7}},"126":{"start":{"line":366,"column":8},"end":{"line":366,"column":36}},"127":{"start":{"line":368,"column":8},"end":{"line":368,"column":78}},"128":{"start":{"line":372,"column":4},"end":{"line":378,"column":5}},"129":{"start":{"line":374,"column":6},"end":{"line":376,"column":7}},"130":{"start":{"line":375,"column":8},"end":{"line":375,"column":114}},"131":{"start":{"line":377,"column":6},"end":{"line":377,"column":38}},"132":{"start":{"line":380,"column":4},"end":{"line":380,"column":25}},"133":{"start":{"line":382,"column":4},"end":{"line":385,"column":7}},"134":{"start":{"line":387,"column":4},"end":{"line":387,"column":59}},"135":{"start":{"line":388,"column":4},"end":{"line":391,"column":7}},"136":{"start":{"line":399,"column":0},"end":{"line":446,"column":3}},"137":{"start":{"line":400,"column":2},"end":{"line":445,"column":3}},"138":{"start":{"line":401,"column":21},"end":{"line":401,"column":29}},"139":{"start":{"line":403,"column":4},"end":{"line":408,"column":5}},"140":{"start":{"line":404,"column":6},"end":{"line":407,"column":9}},"141":{"start":{"line":410,"column":20},"end":{"line":410,"column":57}},"142":{"start":{"line":412,"column":4},"end":{"line":417,"column":5}},"143":{"start":{"line":413,"column":6},"end":{"line":416,"column":9}},"144":{"start":{"line":419,"column":4},"end":{"line":423,"column":7}},"145":{"start":{"line":425,"column":4},"end":{"line":425,"column":25}},"146":{"start":{"line":428,"column":4},"end":{"line":433,"column":5}},"147":{"start":{"line":429,"column":26},"end":{"line":429,"column":71}},"148":{"start":{"line":430,"column":6},"end":{"line":430,"column":45}},"149":{"start":{"line":432,"column":6},"end":{"line":432,"column":74}},"150":{"start":{"line":435,"column":4},"end":{"line":438,"column":7}},"151":{"start":{"line":440,"column":4},"end":{"line":440,"column":57}},"152":{"start":{"line":441,"column":4},"end":{"line":444,"column":7}},"153":{"start":{"line":452,"column":0},"end":{"line":522,"column":3}},"154":{"start":{"line":453,"column":2},"end":{"line":521,"column":3}},"155":{"start":{"line":454,"column":20},"end":{"line":454,"column":132}},"156":{"start":{"line":456,"column":4},"end":{"line":461,"column":5}},"157":{"start":{"line":457,"column":6},"end":{"line":460,"column":9}},"158":{"start":{"line":464,"column":4},"end":{"line":469,"column":5}},"159":{"start":{"line":465,"column":6},"end":{"line":468,"column":9}},"160":{"start":{"line":471,"column":64},"end":{"line":471,"column":72}},"161":{"start":{"line":474,"column":20},"end":{"line":474,"column":22}},"162":{"start":{"line":475,"column":4},"end":{"line":475,"column":98}},"163":{"start":{"line":475,"column":42},"end":{"line":475,"column":98}},"164":{"start":{"line":476,"column":4},"end":{"line":476,"column":99}},"165":{"start":{"line":476,"column":60},"end":{"line":476,"column":99}},"166":{"start":{"line":477,"column":4},"end":{"line":477,"column":106}},"167":{"start":{"line":477,"column":48},"end":{"line":477,"column":106}},"168":{"start":{"line":478,"column":4},"end":{"line":478,"column":104}},"169":{"start":{"line":478,"column":63},"end":{"line":478,"column":104}},"170":{"start":{"line":479,"column":4},"end":{"line":479,"column":87}},"171":{"start":{"line":479,"column":39},"end":{"line":479,"column":87}},"172":{"start":{"line":482,"column":4},"end":{"line":482,"column":37}},"173":{"start":{"line":482,"column":15},"end":{"line":482,"column":37}},"174":{"start":{"line":483,"column":4},"end":{"line":483,"column":55}},"175":{"start":{"line":483,"column":21},"end":{"line":483,"column":55}},"176":{"start":{"line":484,"column":4},"end":{"line":484,"column":43}},"177":{"start":{"line":484,"column":17},"end":{"line":484,"column":43}},"178":{"start":{"line":485,"column":4},"end":{"line":485,"column":58}},"179":{"start":{"line":485,"column":22},"end":{"line":485,"column":58}},"180":{"start":{"line":486,"column":4},"end":{"line":486,"column":34}},"181":{"start":{"line":486,"column":14},"end":{"line":486,"column":34}},"182":{"start":{"line":489,"column":4},"end":{"line":493,"column":7}},"183":{"start":{"line":495,"column":4},"end":{"line":495,"column":25}},"184":{"start":{"line":498,"column":4},"end":{"line":507,"column":5}},"185":{"start":{"line":499,"column":6},"end":{"line":506,"column":7}},"186":{"start":{"line":500,"column":8},"end":{"line":503,"column":9}},"187":{"start":{"line":502,"column":10},"end":{"line":502,"column":105}},"188":{"start":{"line":505,"column":8},"end":{"line":505,"column":78}},"189":{"start":{"line":509,"column":4},"end":{"line":514,"column":7}},"190":{"start":{"line":516,"column":4},"end":{"line":516,"column":55}},"191":{"start":{"line":517,"column":4},"end":{"line":520,"column":7}},"192":{"start":{"line":528,"column":0},"end":{"line":561,"column":3}},"193":{"start":{"line":529,"column":2},"end":{"line":560,"column":3}},"194":{"start":{"line":530,"column":20},"end":{"line":530,"column":57}},"195":{"start":{"line":532,"column":4},"end":{"line":537,"column":5}},"196":{"start":{"line":533,"column":6},"end":{"line":536,"column":9}},"197":{"start":{"line":540,"column":4},"end":{"line":545,"column":5}},"198":{"start":{"line":541,"column":6},"end":{"line":544,"column":9}},"199":{"start":{"line":547,"column":4},"end":{"line":547,"column":51}},"200":{"start":{"line":549,"column":4},"end":{"line":552,"column":7}},"201":{"start":{"line":554,"column":4},"end":{"line":554,"column":67}},"202":{"start":{"line":555,"column":4},"end":{"line":559,"column":7}},"203":{"start":{"line":563,"column":0},"end":{"line":563,"column":24}}},"fnMap":{"0":{"name":"(anonymous_0)","decl":{"start":{"line":25,"column":40},"end":{"line":25,"column":41}},"loc":{"start":{"line":25,"column":60},"end":{"line":149,"column":1}},"line":25},"1":{"name":"(anonymous_1)","decl":{"start":{"line":50,"column":41},"end":{"line":50,"column":42}},"loc":{"start":{"line":50,"column":62},"end":{"line":62,"column":9}},"line":50},"2":{"name":"(anonymous_2)","decl":{"start":{"line":56,"column":12},"end":{"line":56,"column":13}},"loc":{"start":{"line":56,"column":31},"end":{"line":59,"column":13}},"line":56},"3":{"name":"(anonymous_3)","decl":{"start":{"line":157,"column":16},"end":{"line":157,"column":17}},"loc":{"start":{"line":157,"column":36},"end":{"line":199,"column":1}},"line":157},"4":{"name":"(anonymous_4)","decl":{"start":{"line":205,"column":19},"end":{"line":205,"column":20}},"loc":{"start":{"line":205,"column":39},"end":{"line":244,"column":1}},"line":205},"5":{"name":"(anonymous_5)","decl":{"start":{"line":250,"column":26},"end":{"line":250,"column":27}},"loc":{"start":{"line":250,"column":46},"end":{"line":292,"column":1}},"line":250},"6":{"name":"(anonymous_6)","decl":{"start":{"line":262,"column":25},"end":{"line":262,"column":26}},"loc":{"start":{"line":262,"column":35},"end":{"line":266,"column":5}},"line":262},"7":{"name":"(anonymous_7)","decl":{"start":{"line":270,"column":49},"end":{"line":270,"column":50}},"loc":{"start":{"line":270,"column":65},"end":{"line":278,"column":5}},"line":270},"8":{"name":"(anonymous_8)","decl":{"start":{"line":298,"column":21},"end":{"line":298,"column":22}},"loc":{"start":{"line":298,"column":41},"end":{"line":393,"column":1}},"line":298},"9":{"name":"(anonymous_9)","decl":{"start":{"line":399,"column":28},"end":{"line":399,"column":29}},"loc":{"start":{"line":399,"column":48},"end":{"line":446,"column":1}},"line":399},"10":{"name":"(anonymous_10)","decl":{"start":{"line":452,"column":24},"end":{"line":452,"column":25}},"loc":{"start":{"line":452,"column":44},"end":{"line":522,"column":1}},"line":452},"11":{"name":"(anonymous_11)","decl":{"start":{"line":528,"column":22},"end":{"line":528,"column":23}},"loc":{"start":{"line":528,"column":42},"end":{"line":561,"column":1}},"line":528}},"branchMap":{"0":{"loc":{"start":{"line":38,"column":4},"end":{"line":43,"column":5}},"type":"if","locations":[{"start":{"line":38,"column":4},"end":{"line":43,"column":5}},{"start":{},"end":{}}],"line":38},"1":{"loc":{"start":{"line":38,"column":8},"end":{"line":38,"column":65}},"type":"binary-expr","locations":[{"start":{"line":38,"column":8},"end":{"line":38,"column":13}},{"start":{"line":38,"column":17},"end":{"line":38,"column":22}},{"start":{"line":38,"column":26},"end":{"line":38,"column":32}},{"start":{"line":38,"column":36},"end":{"line":38,"column":48}},{"start":{"line":38,"column":52},"end":{"line":38,"column":65}}],"line":38},"2":{"loc":{"start":{"line":48,"column":4},"end":{"line":70,"column":5}},"type":"if","locations":[{"start":{"line":48,"column":4},"end":{"line":70,"column":5}},{"start":{},"end":{}}],"line":48},"3":{"loc":{"start":{"line":48,"column":8},"end":{"line":48,"column":41}},"type":"binary-expr","locations":[{"start":{"line":48,"column":8},"end":{"line":48,"column":17}},{"start":{"line":48,"column":21},"end":{"line":48,"column":41}}],"line":48},"4":{"loc":{"start":{"line":57,"column":14},"end":{"line":58,"column":35}},"type":"if","locations":[{"start":{"line":57,"column":14},"end":{"line":58,"column":35}},{"start":{"line":58,"column":19},"end":{"line":58,"column":35}}],"line":57},"5":{"loc":{"start":{"line":77,"column":15},"end":{"line":77,"column":34}},"type":"binary-expr","locations":[{"start":{"line":77,"column":15},"end":{"line":77,"column":22}},{"start":{"line":77,"column":26},"end":{"line":77,"column":34}}],"line":77},"6":{"loc":{"start":{"line":90,"column":4},"end":{"line":110,"column":5}},"type":"if","locations":[{"start":{"line":90,"column":4},"end":{"line":110,"column":5}},{"start":{"line":104,"column":11},"end":{"line":110,"column":5}}],"line":90},"7":{"loc":{"start":{"line":98,"column":8},"end":{"line":100,"column":9}},"type":"if","locations":[{"start":{"line":98,"column":8},"end":{"line":100,"column":9}},{"start":{},"end":{}}],"line":98},"8":{"loc":{"start":{"line":98,"column":12},"end":{"line":98,"column":77}},"type":"binary-expr","locations":[{"start":{"line":98,"column":12},"end":{"line":98,"column":30}},{"start":{"line":98,"column":34},"end":{"line":98,"column":77}}],"line":98},"9":{"loc":{"start":{"line":116,"column":58},"end":{"line":116,"column":72}},"type":"binary-expr","locations":[{"start":{"line":116,"column":58},"end":{"line":116,"column":67}},{"start":{"line":116,"column":71},"end":{"line":116,"column":72}}],"line":116},"10":{"loc":{"start":{"line":121,"column":6},"end":{"line":126,"column":7}},"type":"if","locations":[{"start":{"line":121,"column":6},"end":{"line":126,"column":7}},{"start":{},"end":{}}],"line":121},"11":{"loc":{"start":{"line":122,"column":24},"end":{"line":124,"column":129}},"type":"cond-expr","locations":[{"start":{"line":123,"column":12},"end":{"line":123,"column":121}},{"start":{"line":124,"column":12},"end":{"line":124,"column":129}}],"line":122},"12":{"loc":{"start":{"line":134,"column":16},"end":{"line":134,"column":43}},"type":"cond-expr","locations":[{"start":{"line":134,"column":31},"end":{"line":134,"column":35}},{"start":{"line":134,"column":38},"end":{"line":134,"column":43}}],"line":134},"13":{"loc":{"start":{"line":135,"column":18},"end":{"line":135,"column":92}},"type":"cond-expr","locations":[{"start":{"line":135,"column":33},"end":{"line":135,"column":85}},{"start":{"line":135,"column":88},"end":{"line":135,"column":92}}],"line":135},"14":{"loc":{"start":{"line":136,"column":21},"end":{"line":136,"column":50}},"type":"binary-expr","locations":[{"start":{"line":136,"column":21},"end":{"line":136,"column":42}},{"start":{"line":136,"column":46},"end":{"line":136,"column":50}}],"line":136},"15":{"loc":{"start":{"line":146,"column":15},"end":{"line":146,"column":79}},"type":"cond-expr","locations":[{"start":{"line":146,"column":56},"end":{"line":146,"column":67}},{"start":{"line":146,"column":70},"end":{"line":146,"column":79}}],"line":146},"16":{"loc":{"start":{"line":158,"column":17},"end":{"line":158,"column":41}},"type":"binary-expr","locations":[{"start":{"line":158,"column":17},"end":{"line":158,"column":30}},{"start":{"line":158,"column":34},"end":{"line":158,"column":41}}],"line":158},"17":{"loc":{"start":{"line":161,"column":17},"end":{"line":161,"column":46}},"type":"binary-expr","locations":[{"start":{"line":161,"column":17},"end":{"line":161,"column":41}},{"start":{"line":161,"column":45},"end":{"line":161,"column":46}}],"line":161},"18":{"loc":{"start":{"line":162,"column":18},"end":{"line":162,"column":49}},"type":"binary-expr","locations":[{"start":{"line":162,"column":18},"end":{"line":162,"column":43}},{"start":{"line":162,"column":47},"end":{"line":162,"column":49}}],"line":162},"19":{"loc":{"start":{"line":166,"column":4},"end":{"line":168,"column":5}},"type":"if","locations":[{"start":{"line":166,"column":4},"end":{"line":168,"column":5}},{"start":{},"end":{}}],"line":166},"20":{"loc":{"start":{"line":206,"column":17},"end":{"line":206,"column":41}},"type":"binary-expr","locations":[{"start":{"line":206,"column":17},"end":{"line":206,"column":30}},{"start":{"line":206,"column":34},"end":{"line":206,"column":41}}],"line":206},"21":{"loc":{"start":{"line":214,"column":4},"end":{"line":219,"column":5}},"type":"if","locations":[{"start":{"line":214,"column":4},"end":{"line":219,"column":5}},{"start":{},"end":{}}],"line":214},"22":{"loc":{"start":{"line":223,"column":23},"end":{"line":223,"column":94}},"type":"binary-expr","locations":[{"start":{"line":223,"column":23},"end":{"line":223,"column":41}},{"start":{"line":223,"column":45},"end":{"line":223,"column":94}}],"line":223},"23":{"loc":{"start":{"line":226,"column":4},"end":{"line":231,"column":5}},"type":"if","locations":[{"start":{"line":226,"column":4},"end":{"line":231,"column":5}},{"start":{},"end":{}}],"line":226},"24":{"loc":{"start":{"line":226,"column":8},"end":{"line":226,"column":47}},"type":"binary-expr","locations":[{"start":{"line":226,"column":8},"end":{"line":226,"column":20}},{"start":{"line":226,"column":24},"end":{"line":226,"column":35}},{"start":{"line":226,"column":39},"end":{"line":226,"column":47}}],"line":226},"25":{"loc":{"start":{"line":264,"column":6},"end":{"line":264,"column":48}},"type":"if","locations":[{"start":{"line":264,"column":6},"end":{"line":264,"column":48}},{"start":{},"end":{}}],"line":264},"26":{"loc":{"start":{"line":299,"column":17},"end":{"line":299,"column":41}},"type":"binary-expr","locations":[{"start":{"line":299,"column":17},"end":{"line":299,"column":30}},{"start":{"line":299,"column":34},"end":{"line":299,"column":41}}],"line":299},"27":{"loc":{"start":{"line":310,"column":4},"end":{"line":315,"column":5}},"type":"if","locations":[{"start":{"line":310,"column":4},"end":{"line":315,"column":5}},{"start":{},"end":{}}],"line":310},"28":{"loc":{"start":{"line":317,"column":4},"end":{"line":370,"column":5}},"type":"if","locations":[{"start":{"line":317,"column":4},"end":{"line":370,"column":5}},{"start":{},"end":{}}],"line":317},"29":{"loc":{"start":{"line":320,"column":6},"end":{"line":326,"column":7}},"type":"if","locations":[{"start":{"line":320,"column":6},"end":{"line":326,"column":7}},{"start":{},"end":{}}],"line":320},"30":{"loc":{"start":{"line":329,"column":6},"end":{"line":335,"column":7}},"type":"if","locations":[{"start":{"line":329,"column":6},"end":{"line":335,"column":7}},{"start":{},"end":{}}],"line":329},"31":{"loc":{"start":{"line":329,"column":10},"end":{"line":329,"column":107}},"type":"binary-expr","locations":[{"start":{"line":329,"column":10},"end":{"line":329,"column":32}},{"start":{"line":329,"column":36},"end":{"line":329,"column":107}}],"line":329},"32":{"loc":{"start":{"line":339,"column":6},"end":{"line":341,"column":7}},"type":"if","locations":[{"start":{"line":339,"column":6},"end":{"line":341,"column":7}},{"start":{},"end":{}}],"line":339},"33":{"loc":{"start":{"line":344,"column":6},"end":{"line":350,"column":7}},"type":"if","locations":[{"start":{"line":344,"column":6},"end":{"line":350,"column":7}},{"start":{},"end":{}}],"line":344},"34":{"loc":{"start":{"line":354,"column":8},"end":{"line":360,"column":9}},"type":"if","locations":[{"start":{"line":354,"column":8},"end":{"line":360,"column":9}},{"start":{},"end":{}}],"line":354},"35":{"loc":{"start":{"line":354,"column":12},"end":{"line":354,"column":56}},"type":"binary-expr","locations":[{"start":{"line":354,"column":12},"end":{"line":354,"column":29}},{"start":{"line":354,"column":33},"end":{"line":354,"column":56}}],"line":354},"36":{"loc":{"start":{"line":368,"column":62},"end":{"line":368,"column":76}},"type":"binary-expr","locations":[{"start":{"line":368,"column":62},"end":{"line":368,"column":71}},{"start":{"line":368,"column":75},"end":{"line":368,"column":76}}],"line":368},"37":{"loc":{"start":{"line":372,"column":4},"end":{"line":378,"column":5}},"type":"if","locations":[{"start":{"line":372,"column":4},"end":{"line":378,"column":5}},{"start":{},"end":{}}],"line":372},"38":{"loc":{"start":{"line":374,"column":6},"end":{"line":376,"column":7}},"type":"if","locations":[{"start":{"line":374,"column":6},"end":{"line":376,"column":7}},{"start":{},"end":{}}],"line":374},"39":{"loc":{"start":{"line":403,"column":4},"end":{"line":408,"column":5}},"type":"if","locations":[{"start":{"line":403,"column":4},"end":{"line":408,"column":5}},{"start":{},"end":{}}],"line":403},"40":{"loc":{"start":{"line":412,"column":4},"end":{"line":417,"column":5}},"type":"if","locations":[{"start":{"line":412,"column":4},"end":{"line":417,"column":5}},{"start":{},"end":{}}],"line":412},"41":{"loc":{"start":{"line":432,"column":58},"end":{"line":432,"column":72}},"type":"binary-expr","locations":[{"start":{"line":432,"column":58},"end":{"line":432,"column":67}},{"start":{"line":432,"column":71},"end":{"line":432,"column":72}}],"line":432},"42":{"loc":{"start":{"line":456,"column":4},"end":{"line":461,"column":5}},"type":"if","locations":[{"start":{"line":456,"column":4},"end":{"line":461,"column":5}},{"start":{},"end":{}}],"line":456},"43":{"loc":{"start":{"line":464,"column":4},"end":{"line":469,"column":5}},"type":"if","locations":[{"start":{"line":464,"column":4},"end":{"line":469,"column":5}},{"start":{},"end":{}}],"line":464},"44":{"loc":{"start":{"line":475,"column":4},"end":{"line":475,"column":98}},"type":"if","locations":[{"start":{"line":475,"column":4},"end":{"line":475,"column":98}},{"start":{},"end":{}}],"line":475},"45":{"loc":{"start":{"line":475,"column":8},"end":{"line":475,"column":40}},"type":"binary-expr","locations":[{"start":{"line":475,"column":8},"end":{"line":475,"column":13}},{"start":{"line":475,"column":17},"end":{"line":475,"column":40}}],"line":475},"46":{"loc":{"start":{"line":476,"column":4},"end":{"line":476,"column":99}},"type":"if","locations":[{"start":{"line":476,"column":4},"end":{"line":476,"column":99}},{"start":{},"end":{}}],"line":476},"47":{"loc":{"start":{"line":476,"column":8},"end":{"line":476,"column":58}},"type":"binary-expr","locations":[{"start":{"line":476,"column":8},"end":{"line":476,"column":19}},{"start":{"line":476,"column":23},"end":{"line":476,"column":58}}],"line":476},"48":{"loc":{"start":{"line":477,"column":4},"end":{"line":477,"column":106}},"type":"if","locations":[{"start":{"line":477,"column":4},"end":{"line":477,"column":106}},{"start":{},"end":{}}],"line":477},"49":{"loc":{"start":{"line":477,"column":8},"end":{"line":477,"column":46}},"type":"binary-expr","locations":[{"start":{"line":477,"column":8},"end":{"line":477,"column":15}},{"start":{"line":477,"column":19},"end":{"line":477,"column":46}}],"line":477},"50":{"loc":{"start":{"line":478,"column":4},"end":{"line":478,"column":104}},"type":"if","locations":[{"start":{"line":478,"column":4},"end":{"line":478,"column":104}},{"start":{},"end":{}}],"line":478},"51":{"loc":{"start":{"line":478,"column":8},"end":{"line":478,"column":61}},"type":"binary-expr","locations":[{"start":{"line":478,"column":8},"end":{"line":478,"column":20}},{"start":{"line":478,"column":24},"end":{"line":478,"column":61}}],"line":478},"52":{"loc":{"start":{"line":479,"column":4},"end":{"line":479,"column":87}},"type":"if","locations":[{"start":{"line":479,"column":4},"end":{"line":479,"column":87}},{"start":{},"end":{}}],"line":479},"53":{"loc":{"start":{"line":479,"column":8},"end":{"line":479,"column":37}},"type":"binary-expr","locations":[{"start":{"line":479,"column":8},"end":{"line":479,"column":12}},{"start":{"line":479,"column":16},"end":{"line":479,"column":37}}],"line":479},"54":{"loc":{"start":{"line":482,"column":4},"end":{"line":482,"column":37}},"type":"if","locations":[{"start":{"line":482,"column":4},"end":{"line":482,"column":37}},{"start":{},"end":{}}],"line":482},"55":{"loc":{"start":{"line":483,"column":4},"end":{"line":483,"column":55}},"type":"if","locations":[{"start":{"line":483,"column":4},"end":{"line":483,"column":55}},{"start":{},"end":{}}],"line":483},"56":{"loc":{"start":{"line":484,"column":4},"end":{"line":484,"column":43}},"type":"if","locations":[{"start":{"line":484,"column":4},"end":{"line":484,"column":43}},{"start":{},"end":{}}],"line":484},"57":{"loc":{"start":{"line":485,"column":4},"end":{"line":485,"column":58}},"type":"if","locations":[{"start":{"line":485,"column":4},"end":{"line":485,"column":58}},{"start":{},"end":{}}],"line":485},"58":{"loc":{"start":{"line":486,"column":4},"end":{"line":486,"column":34}},"type":"if","locations":[{"start":{"line":486,"column":4},"end":{"line":486,"column":34}},{"start":{},"end":{}}],"line":486},"59":{"loc":{"start":{"line":498,"column":4},"end":{"line":507,"column":5}},"type":"if","locations":[{"start":{"line":498,"column":4},"end":{"line":507,"column":5}},{"start":{},"end":{}}],"line":498},"60":{"loc":{"start":{"line":498,"column":8},"end":{"line":498,"column":48}},"type":"binary-expr","locations":[{"start":{"line":498,"column":8},"end":{"line":498,"column":26}},{"start":{"line":498,"column":30},"end":{"line":498,"column":48}}],"line":498},"61":{"loc":{"start":{"line":500,"column":8},"end":{"line":503,"column":9}},"type":"if","locations":[{"start":{"line":500,"column":8},"end":{"line":503,"column":9}},{"start":{},"end":{}}],"line":500},"62":{"loc":{"start":{"line":500,"column":12},"end":{"line":500,"column":89}},"type":"binary-expr","locations":[{"start":{"line":500,"column":12},"end":{"line":500,"column":36}},{"start":{"line":500,"column":40},"end":{"line":500,"column":89}}],"line":500},"63":{"loc":{"start":{"line":532,"column":4},"end":{"line":537,"column":5}},"type":"if","locations":[{"start":{"line":532,"column":4},"end":{"line":537,"column":5}},{"start":{},"end":{}}],"line":532},"64":{"loc":{"start":{"line":540,"column":4},"end":{"line":545,"column":5}},"type":"if","locations":[{"start":{"line":540,"column":4},"end":{"line":545,"column":5}},{"start":{},"end":{}}],"line":540},"65":{"loc":{"start":{"line":540,"column":8},"end":{"line":540,"column":81}},"type":"binary-expr","locations":[{"start":{"line":540,"column":8},"end":{"line":540,"column":52}},{"start":{"line":540,"column":56},"end":{"line":540,"column":81}}],"line":540}},"s":{"0":0,"1":0,"2":0,"3":0,"4":0,"5":0,"6":0,"7":0,"8":0,"9":0,"10":0,"11":0,"12":0,"13":0,"14":0,"15":0,"16":0,"17":0,"18":0,"19":0,"20":0,"21":0,"22":0,"23":0,"24":0,"25":0,"26":0,"27":0,"28":0,"29":0,"30":0,"31":0,"32":0,"33":0,"34":0,"35":0,"36":0,"37":0,"38":0,"39":0,"40":0,"41":0,"42":0,"43":0,"44":0,"45":0,"46":0,"47":0,"48":0,"49":0,"50":0,"51":0,"52":0,"53":0,"54":0,"55":0,"56":0,"57":0,"58":0,"59":0,"60":0,"61":0,"62":0,"63":0,"64":0,"65":0,"66":0,"67":0,"68":0,"69":0,"70":0,"71":0,"72":0,"73":0,"74":0,"75":0,"76":0,"77":0,"78":0,"79":0,"80":0,"81":0,"82":0,"83":0,"84":0,"85":0,"86":0,"87":0,"88":0,"89":0,"90":0,"91":0,"92":0,"93":0,"94":0,"95":0,"96":0,"97":0,"98":0,"99":0,"100":0,"101":0,"102":0,"103":0,"104":0,"105":0,"106":0,"107":0,"108":0,"109":0,"110":0,"111":0,"112":0,"113":0,"114":0,"115":0,"116":0,"117":0,"118":0,"119":0,"120":0,"121":0,"122":0,"123":0,"124":0,"125":0,"126":0,"127":0,"128":0,"129":0,"130":0,"131":0,"132":0,"133":0,"134":0,"135":0,"136":0,"137":0,"138":0,"139":0,"140":0,"141":0,"142":0,"143":0,"144":0,"145":0,"146":0,"147":0,"148":0,"149":0,"150":0,"151":0,"152":0,"153":0,"154":0,"155":0,"156":0,"157":0,"158":0,"159":0,"160":0,"161":0,"162":0,"163":0,"164":0,"165":0,"166":0,"167":0,"168":0,"169":0,"170":0,"171":0,"172":0,"173":0,"174":0,"175":0,"176":0,"177":0,"178":0,"179":0,"180":0,"181":0,"182":0,"183":0,"184":0,"185":0,"186":0,"187":0,"188":0,"189":0,"190":0,"191":0,"192":0,"193":0,"194":0,"195":0,"196":0,"197":0,"198":0,"199":0,"200":0,"201":0,"202":0,"203":0},"f":{"0":0,"1":0,"2":0,"3":0,"4":0,"5":0,"6":0,"7":0,"8":0,"9":0,"10":0,"11":0},"b":{"0":[0,0],"1":[0,0,0,0,0],"2":[0,0],"3":[0,0],"4":[0,0],"5":[0,0],"6":[0,0],"7":[0,0],"8":[0,0],"9":[0,0],"10":[0,0],"11":[0,0],"12":[0,0],"13":[0,0],"14":[0,0],"15":[0,0],"16":[0,0],"17":[0,0],"18":[0,0],"19":[0,0],"20":[0,0],"21":[0,0],"22":[0,0],"23":[0,0],"24":[0,0,0],"25":[0,0],"26":[0,0],"27":[0,0],"28":[0,0],"29":[0,0],"30":[0,0],"31":[0,0],"32":[0,0],"33":[0,0],"34":[0,0],"35":[0,0],"36":[0,0],"37":[0,0],"38":[0,0],"39":[0,0],"40":[0,0],"41":[0,0],"42":[0,0],"43":[0,0],"44":[0,0],"45":[0,0],"46":[0,0],"47":[0,0],"48":[0,0],"49":[0,0],"50":[0,0],"51":[0,0],"52":[0,0],"53":[0,0],"54":[0,0],"55":[0,0],"56":[0,0],"57":[0,0],"58":[0,0],"59":[0,0],"60":[0,0],"61":[0,0],"62":[0,0],"63":[0,0],"64":[0,0],"65":[0,0]}}
[...]
name":"(anonymous_1)","decl":{"start":{"line":26,"column":26},"end":{"line":26,"column":27}},"loc":{"start":{"line":26,"column":42},"end":{"line":38,"column":7}},"line":26},"2":{"name":"(anonymous_2)","decl":{"start":{"line":42,"column":48},"end":{"line":42,"column":49}},"loc":{"start":{"line":42,"column":53},"end":{"line":42,"column":73}},"line":42},"3":{"name":"(anonymous_3)","decl":{"start":{"line":54,"column":43},"end":{"line":54,"column":44}},"loc":{"start":{"line":54,"column":48},"end":{"line":54,"column":83}},"line":54},"4":{"name":"(anonymous_4)","decl":{"start":{"line":63,"column":43},"end":{"line":63,"column":44}},"loc":{"start":{"line":63,"column":48},"end":{"line":63,"column":83}},"line":63},"5":{"name":"(anonymous_5)","decl":{"start":{"line":71,"column":41},"end":{"line":71,"column":42}},"loc":{"start":{"line":71,"column":46},"end":{"line":71,"column":75}},"line":71},"6":{"name":"(anonymous_6)","decl":{"start":{"line":79,"column":26},"end":{"line":79,"column":27}},"loc":{"start":{"line":79,"column":36},"end":{"line":79,"column":71}},"line":79},"7":{"name":"calculateQueuePosition","decl":{"start":{"line":96,"column":15},"end":{"line":96,"column":37}},"loc":{"start":{"line":96,"column":49},"end":{"line":124,"column":1}},"line":96},"8":{"name":"(anonymous_8)","decl":{"start":{"line":112,"column":25},"end":{"line":112,"column":26}},"loc":{"start":{"line":112,"column":35},"end":{"line":116,"column":5}},"line":112},"9":{"name":"(anonymous_9)","decl":{"start":{"line":118,"column":47},"end":{"line":118,"column":48}},"loc":{"start":{"line":118,"column":52},"end":{"line":118,"column":93}},"line":118},"10":{"name":"formatTime12h","decl":{"start":{"line":131,"column":9},"end":{"line":131,"column":22}},"loc":{"start":{"line":131,"column":29},"end":{"line":138,"column":1}},"line":131},"11":{"name":"isBusinessHours","decl":{"start":{"line":145,"column":9},"end":{"line":145,"column":24}},"loc":{"start":{"line":145,"column":44},"end":{"line":151,"column":1}},"line":145}},"branchMap":{"0":{"loc":{"start":{"line":19,"column":4},"end":{"line":22,"column":5}},"type":"if","locations":[{"start":{"line":19,"column":4},"end":{"line":22,"column":5}},{"start":{},"end":{}}],"line":19},"1":{"loc":{"start":{"line":44,"column":4},"end":{"line":47,"column":5}},"type":"if","locations":[{"start":{"line":44,"column":4},"end":{"line":47,"column":5}},{"start":{},"end":{}}],"line":44},"2":{"loc":{"start":{"line":53,"column":4},"end":{"line":59,"column":5}},"type":"if","locations":[{"start":{"line":53,"column":4},"end":{"line":59,"column":5}},{"start":{},"end":{}}],"line":53},"3":{"loc":{"start":{"line":55,"column":6},"end":{"line":58,"column":7}},"type":"if","locations":[{"start":{"line":55,"column":6},"end":{"line":58,"column":7}},{"start":{},"end":{}}],"line":55},"4":{"loc":{"start":{"line":62,"column":4},"end":{"line":67,"column":5}},"type":"if","locations":[{"start":{"line":62,"column":4},"end":{"line":67,"column":5}},{"start":{},"end":{}}],"line":62},"5":{"loc":{"start":{"line":62,"column":8},"end":{"line":62,"column":58}},"type":"binary-expr","locations":[{"start":{"line":62,"column":8},"end":{"line":62,"column":21}},{"start":{"line":62,"column":25},"end":{"line":62,"column":58}}],"line":62},"6":{"loc":{"start":{"line":64,"column":6},"end":{"line":66,"column":7}},"type":"if","locations":[{"start":{"line":64,"column":6},"end":{"line":66,"column":7}},{"start":{},"end":{}}],"line":64},"7":{"loc":{"start":{"line":70,"column":4},"end":{"line":75,"column":5}},"type":"if","locations":[{"start":{"line":70,"column":4},"end":{"line":75,"column":5}},{"start":{},"end":{}}],"line":70},"8":{"loc":{"start":{"line":70,"column":8},"end":{"line":70,"column":90}},"type":"binary-expr","locations":[{"start":{"line":70,"column":8},"end":{"line":70,"column":21}},{"start":{"line":70,"column":25},"end":{"line":70,"column":58}},{"start":{"line":70,"column":62},"end":{"line":70,"column":90}}],"line":70},"9":{"loc":{"start":{"line":72,"column":6},"end":{"line":74,"column":7}},"type":"if","locations":[{"start":{"line":72,"column":6},"end":{"line":74,"column":7}},{"start":{},"end":{}}],"line":72},"10":{"loc":{"start":{"line":78,"column":4},"end":{"line":82,"column":5}},"type":"if","locations":[{"start":{"line":78,"column":4},"end":{"line":82,"column":5}},{"start":{},"end":{}}],"line":78},"11":{"loc":{"start":{"line":99,"column":4},"end":{"line":101,"column":5}},"type":"if","locations":[{"start":{"line":99,"column":4},"end":{"line":101,"column":5}},{"start":{},"end":{}}],"line":99},"12":{"loc":{"start":{"line":99,"column":8},"end":{"line":99,"column":48}},"type":"binary-expr","locations":[{"start":{"line":99,"column":8},"end":{"line":99,"column":16}},{"start":{"line":99,"column":20},"end":{"line":99,"column":48}}],"line":99},"13":{"loc":{"start":{"line":114,"column":6},"end":{"line":114,"column":48}},"type":"if","locations":[{"start":{"line":114,"column":6},"end":{"line":114,"column":48}},{"start":{},"end":{}}],"line":114},"14":{"loc":{"start":{"line":134,"column":15},"end":{"line":134,"column":40}},"type":"cond-expr","locations":[{"start":{"line":134,"column":29},"end":{"line":134,"column":33}},{"start":{"line":134,"column":36},"end":{"line":134,"column":40}}],"line":134},"15":{"loc":{"start":{"line":135,"column":18},"end":{"line":135,"column":34}},"type":"binary-expr","locations":[{"start":{"line":135,"column":18},"end":{"line":135,"column":28}},{"start":{"line":135,"column":32},"end":{"line":135,"column":34}}],"line":135},"16":{"loc":{"start":{"line":145,"column":25},"end":{"line":145,"column":42}},"type":"default-arg","locations":[{"start":{"line":145,"column":32},"end":{"line":145,"column":42}}],"line":145},"17":{"loc":{"start":{"line":150,"column":9},"end":{"line":150,"column":57}},"type":"binary-expr","locations":[{"start":{"line":150,"column":9},"end":{"line":150,"column":17}},{"start":{"line":150,"column":21},"end":{"line":150,"column":29}},{"start":{"line":150,"column":33},"end":{"line":150,"column":43}},{"start":{"line":150,"column":47},"end":{"line":150,"column":57}}],"line":150}},"s":{"0":0,"1":0,"2":0,"3":0,"4":0,"5":0,"6":0,"7":0,"8":0,"9":0,"10":0,"11":0,"12":0,"13":0,"14":0,"15":0,"16":0,"17":0,"18":0,"19":0,"20":0,"21":0,"22":0,"23":0,"24":0,"25":0,"26":0,"27":0,"28":0,"29":0,"30":0,"31":0,"32":0,"33":0,"34":0,"35":0,"36":0,"37":0,"38":0,"39":0,"40":0,"41":0,"42":0,"43":0,"44":0,"45":0,"46":0,"47":0,"48":0,"49":0,"50":0,"51":0,"52":0,"53":0,"54":0,"55":0,"56":0,"57":0,"58":0,"59":0,"60":0,"61":0,"62":0,"63":0,"64":0,"65":0},"f":{"0":0,"1":0,"2":0,"3":0,"4":0,"5":0,"6":0,"7":0,"8":0,"9":0,"10":0,"11":0},"b":{"0":[0,0],"1":[0,0],"2":[0,0],"3":[0,0],"4":[0,0],"5":[0,0],"6":[0,0],"7":[0,0],"8":[0,0,0],"9":[0,0],"10":[0,0],"11":[0,0],"12":[0,0],"13":[0,0],"14":[0,0],"15":[0,0],"16":[0],"17":[0,0,0,0]}}
,"C:\\Users\\HEWLETT\\Documents\\2026 DISEÑOS\\03 COMUNICACIONES\\02 Proyecto Plataforma RD\\utils\\websocket.js": {"path":"C:\\Users\\HEWLETT\\Documents\\2026 DISEÑOS\\03 COMUNICACIONES\\02 Proyecto Plataforma RD\\utils\\websocket.js","statementMap":{"0":{"start":{"line":2,"column":18},"end":{"line":2,"column":31}},"1":{"start":{"line":3,"column":12},"end":{"line":3,"column":35}},"2":{"start":{"line":5,"column":10},"end":{"line":5,"column":14}},"3":{"start":{"line":6,"column":16},"end":{"line":6,"column":25}},"4":{"start":{"line":9,"column":2},"end":{"line":9,"column":41}},"5":{"start":{"line":11,"column":2},"end":{"line":54,"column":5}},"6":{"start":{"line":12,"column":4},"end":{"line":12,"column":50}},"7":{"start":{"line":14,"column":4},"end":{"line":14,"column":22}},"8":{"start":{"line":15,"column":4},"end":{"line":15,"column":21}},"9":{"start":{"line":17,"column":4},"end":{"line":19,"column":7}},"10":{"start":{"line":18,"column":6},"end":{"line":18,"column":24}},"11":{"start":{"line":21,"column":4},"end":{"line":42,"column":7}},"12":{"start":{"line":22,"column":6},"end":{"line":41,"column":7}},"13":{"start":{"line":23,"column":24},"end":{"line":23,"column":51}},"14":{"start":{"line":25,"column":8},"end":{"line":38,"column":9}},"15":{"start":{"line":26,"column":24},"end":{"line":26,"column":37}},"16":{"start":{"line":27,"column":10},"end":{"line":37,"column":11}},"17":{"start":{"line":28,"column":28},"end":{"line":28,"column":69}},"18":{"start":{"line":29,"column":12},"end":{"line":29,"column":35}},"19":{"start":{"line":30,"column":12},"end":{"line":30,"column":41}},"20":{"start":{"line":31,"column":12},"end":{"line":31,"column":51}},"21":{"start":{"line":32,"column":12},"end":{"line":32,"column":70}},"22":{"start":{"line":33,"column":12},"end":{"line":33,"column":62}},"23":{"start":{"line":35,"column":12},"end":{"line":35,"column":72}},"24":{"start":{"line":36,"column":12},"end":{"line":36,"column":61}},"25":{"start":{"line":40,"column":8},"end":{"line":40,"column":74}},"26":{"start":{"line":44,"column":4},"end":{"line":49,"column":7}},"27":{"start":{"line":45,"column":6},"end":{"line":48,"column":7}},"28":{"start":{"line":46,"column":8},"end":{"line":46,"column":45}},"29":{"start":{"line":47,"column":8},"end":{"line":47,"column":79}},"30":{"start":{"line":51,"column":4},"end":{"line":53,"column":7}},"31":{"start":{"line":52,"column":6},"end":{"line":52,"column":60}},"32":{"start":{"line":57,"column":19},"end":{"line":64,"column":11}},"33":{"start":{"line":58,"column":4},"end":{"line":58,"column":21}},"34":{"start":{"line":58,"column":14},"end":{"line":58,"column":21}},"35":{"start":{"line":59,"column":4},"end":{"line":63,"column":7}},"36":{"start":{"line":60,"column":6},"end":{"line":60,"column":45}},"37":{"start":{"line":60,"column":23},"end":{"line":60,"column":45}},"38":{"start":{"line":61,"column":6},"end":{"line":61,"column":25}},"39":{"start":{"line":62,"column":6},"end":{"line":62,"column":24}},"40":{"start":{"line":66,"column":2},"end":{"line":66,"column":49}},"41":{"start":{"line":66,"column":24},"end":{"line":66,"column":47}},"42":{"start":{"line":69,"column":2},"end":{"line":69,"column":36}},"43":{"start":{"line":71,"column":2},"end":{"line":71,"column":43}},"44":{"start":{"line":75,"column":2},"end":{"line":75,"column":37}},"45":{"start":{"line":75,"column":12},"end":{"line":75,"column":37}},"46":{"start":{"line":77,"column":2},"end":{"line":100,"column":5}},"47":{"start":{"line":79,"column":4},"end":{"line":82,"column":5}},"48":{"start":{"line":80,"column":6},"end":{"line":80,"column":44}},"49":{"start":{"line":81,"column":6},"end":{"line":81,"column":36}},"50":{"start":{"line":85,"column":4},"end":{"line":89,"column":7}},"51":{"start":{"line":86,"column":6},"end":{"line":88,"column":7}},"52":{"start":{"line":87,"column":8},"end":{"line":87,"column":27}},"53":{"start":{"line":92,"column":4},"end":{"line":92,"column":20}},"54":{"start":{"line":95,"column":4},"end":{"line":99,"column":7}},"55":{"start":{"line":96,"column":6},"end":{"line":96,"column":17}},"56":{"start":{"line":97,"column":6},"end":{"line":97,"column":56}},"57":{"start":{"line":98,"column":6},"end":{"line":98,"column":16}},"58":{"start":{"line":104,"column":2},"end":{"line":104,"column":19}},"59":{"start":{"line":104,"column":12},"end":{"line":104,"column":19}},"60":{"start":{"line":105,"column":18},"end":{"line":105,"column":41}},"61":{"start":{"line":106,"column":2},"end":{"line":108,"column":5}},"62":{"start":{"line":107,"column":4},"end":{"line":107,"column":67}},"63":{"start":{"line":107,"column":46},"end":{"line":107,"column":67}},"64":{"start":{"line":112,"column":17},"end":{"line":112,"column":47}},"65":{"start":{"line":113,"column":2},"end":{"line":115,"column":3}},"66":{"start":{"line":114,"column":4},"end":{"line":114,"column":41}},"67":{"start":{"line":119,"column":14},"end":{"line":126,"column":3}},"68":{"start":{"line":127,"column":2},"end":{"line":127,"column":17}},"69":{"start":{"line":128,"column":2},"end":{"line":128,"column":60}},"70":{"start":{"line":128,"column":25},"end":{"line":128,"column":60}},"71":{"start":{"line":132,"column":14},"end":{"line":142,"column":3}},"72":{"start":{"line":143,"column":2},"end":{"line":143,"column":17}},"73":{"start":{"line":147,"column":14},"end":{"line":154,"column":3}},"74":{"start":{"line":155,"column":2},"end":{"line":155,"column":17}},"75":{"start":{"line":156,"column":2},"end":{"line":156,"column":60}},"76":{"start":{"line":156,"column":25},"end":{"line":156,"column":60}},"77":{"start":{"line":159,"column":0},"end":{"line":167,"column":2}}},"fnMap":{"0":{"name":"initializeWebSocket","decl":{"start":{"line":8,"column":9},"end":{"line":8,"column":28}},"loc":{"start":{"line":8,"column":37},"end":{"line":72,"column":1}},"line":8},"1":{"name":"(anonymous_1)","decl":{"start":{"line":11,"column":23},"end":{"line":11,"column":24}},"loc":{"start":{"line":11,"column":31},"end":{"line":54,"column":3}},"line":11},"2":{"name":"(anonymous_2)","decl":{"start":{"line":17,"column":18},"end":{"line":17,"column":19}},"loc":{"start":{"line":17,"column":24},"end":{"line":19,"column":5}},"line":17},"3":{"name":"(anonymous_3)","decl":{"start":{"line":21,"column":21},"end":{"line":21,"column":22}},"loc":{"start":{"line":21,"column":31},"end":{"line":42,"column":5}},"line":21},"4":{"name":"(anonymous_4)","decl":{"start":{"line":44,"column":19},"end":{"line":44,"column":20}},"loc":{"start":{"line":44,"column":25},"end":{"line":49,"column":5}},"line":44},"5":{"name":"(anonymous_5)","decl":{"start":{"line":51,"column":19},"end":{"line":51,"column":20}},"loc":{"start":{"line":51,"column":28},"end":{"line":53,"column":5}},"line":51},"6":{"name":"(anonymous_6)","decl":{"start":{"line":57,"column":31},"end":{"line":57,"column":32}},"loc":{"start":{"line":57,"column":37},"end":{"line":64,"column":3}},"line":57},"7":{"name":"(anonymous_7)","decl":{"start":{"line":59,"column":24},"end":{"line":59,"column":25}},"loc":{"start":{"line":59,"column":32},"end":{"line":63,"column":5}},"line":59},"8":{"name":"(anonymous_8)","decl":{"start":{"line":62,"column":14},"end":{"line":62,"column":15}},"loc":{"start":{"line":62,"column":20},"end":{"line":62,"column":22}},"line":62},"9":{"name":"(anonymous_9)","decl":{"start":{"line":66,"column":18},"end":{"line":66,"column":19}},"loc":{"start":{"line":66,"column":24},"end":{"line":66,"column":47}},"line":66},"10":{"name":"closeWebSocket","decl":{"start":{"line":74,"column":9},"end":{"line":74,"column":23}},"loc":{"start":{"line":74,"column":26},"end":{"line":101,"column":1}},"line":74},"11":{"name":"(anonymous_11)","decl":{"start":{"line":77,"column":21},"end":{"line":77,"column":22}},"loc":{"start":{"line":77,"column":34},"end":{"line":100,"column":3}},"line":77},"12":{"name":"(anonymous_12)","decl":{"start":{"line":85,"column":24},"end":{"line":85,"column":25}},"loc":{"start":{"line":85,"column":36},"end":{"line":89,"column":5}},"line":85},"13":{"name":"(anonymous_13)","decl":{"start":{"line":95,"column":14},"end":{"line":95,"column":15}},"loc":{"start":{"line":95,"column":20},"end":{"line":99,"column":5}},"line":95},"14":{"name":"broadcast","decl":{"start":{"line":103,"column":9},"end":{"line":103,"column":18}},"loc":{"start":{"line":103,"column":28},"end":{"line":109,"column":1}},"line":103},"15":{"name":"(anonymous_15)","decl":{"start":{"line":106,"column":22},"end":{"line":106,"column":23}},"loc":{"start":{"line":106,"column":34},"end":{"line":108,"column":3}},"line":106},"16":{"name":"notifyUser","decl":{"start":{"line":111,"column":9},"end":{"line":111,"column":19}},"loc":{"start":{"line":111,"column":37},"end":{"line":116,"column":1}},"line":111},"17":{"name":"notifyStatusChange","decl":{"start":{"line":118,"column":9},"end":{"line":118,"column":27}},"loc":{"start":{"line":118,"column":37},"end":{"line":129,"column":1}},"line":118},"18":{"name":"notifyNewRequest","decl":{"start":{"line":131,"column":9},"end":{"line":131,"column":25}},"loc":{"start":{"line":131,"column":35},"end":{"line":144,"column":1}},"line":131},"19":{"name":"notifyNewComment","decl":{"start":{"line":146,"column":9},"end":{"line":146,"column":25}},"loc":{"start":{"line":146,"column":44},"end":{"line":157,"column":1}},"line":146}},"branchMap":{"0":{"loc":{"start":{"line":25,"column":8},"end":{"line":38,"column":9}},"type":"if","locations":[{"start":{"line":25,"column":8},"end":{"line":38,"column":9}},{"start":{},"end":{}}],"line":25},"1":{"loc":{"start":{"line":45,"column":6},"end":{"line":48,"column":7}},"type":"if","locations":[{"start":{"line":45,"column":6},"end":{"line":48,"column":7}},{"start":{},"end":{}}],"line":45},"2":{"loc":{"start":{"line":47,"column":50},"end":{"line":47,"column":75}},"type":"binary-expr","locations":[{"start":{"line":47,"column":50},"end":{"line":47,"column":62}},{"start":{"line":47,"column":66},"end":{"line":47,"column":75}}],"line":47},"3":{"loc":{"start":{"line":52,"column":40},"end":{"line":52,"column":58}},"type":"binary-expr","locations":[{"start":{"line":52,"column":40},"end":{"line":52,"column":51}},{"start":{"line":52,"column":55},"end":{"line":52,"column":58}}],"line":52},"4":{"loc":{"start":{"line":58,"column":4},"end":{"line":58,"column":21}},"type":"if","locations":[{"start":{"line":58,"column":4},"end":{"line":58,"column":21}},{"start":{},"end":{}}],"line":58},"5":{"loc":{"start":{"line":60,"column":6},"end":{"line":60,"column":45}},"type":"if","locations":[{"start":{"line":60,"column":6},"end":{"line":60,"column":45}},{"start":{},"end":{}}],"line":60},"6":{"loc":{"start":{"line":75,"column":2},"end":{"line":75,"column":37}},"type":"if","locations":[{"start":{"line":75,"column":2},"end":{"line":75,"column":37}},{"start":{},"end":{}}],"line":75},"7":{"loc":{"start":{"line":79,"column":4},"end":{"line":82,"column":5}},"type":"if","locations":[{"start":{"line":79,"column":4},"end":{"line":82,"column":5}},{"start":{},"end":{}}],"line":79},"8":{"loc":{"start":{"line":86,"column":6},"end":{"line":88,"column":7}},"type":"if","locations":[{"start":{"line":86,"column":6},"end":{"line":88,"column":7}},{"start":{},"end":{}}],"line":86},"9":{"loc":{"start":{"line":104,"column":2},"end":{"line":104,"column":19}},"type":"if","locations":[{"start":{"line":104,"column":2},"end":{"line":104,"column":19}},{"start":{},"end":{}}],"line":104},"10":{"loc":{"start":{"line":107,"column":4},"end":{"line":107,"column":67}},"type":"if","locations":[{"start":{"line":107,"column":4},"end":{"line":107,"column":67}},{"start":{},"end":{}}],"line":107},"11":{"loc":{"start":{"line":113,"column":2},"end":{"line":115,"column":3}},"type":"if","locations":[{"start":{"line":113,"column":2},"end":{"line":115,"column":3}},{"start":{},"end":{}}],"line":113},"12":{"loc":{"start":{"line":113,"column":6},"end":{"line":113,"column":52}},"type":"binary-expr","locations":[{"start":{"line":113,"column":6},"end":{"line":113,"column":12}},{"start":{"line":113,"column":16},"end":{"line":113,"column":52}}],"line":113},"13":{"loc":{"start":{"line":128,"column":2},"end":{"line":128,"column":60}},"type":"if","locations":[{"start":{"line":128,"column":2},"end":{"line":128,"column":60}},{"start":{},"end":{}}],"line":128},"14":{"loc":{"start":{"line":156,"column":2},"end":{"line":156,"column":60}},"type":"if","locations":[{"start":{"line":156,"column":2},"end":{"line":156,"column":60}},{"start":{},"end":{}}],"line":156}},"s":{"0":0,"1":0,"2":0,"3":0,"4":0,"5":0,"6":0,"7":0,"8":0,"9":0,"10":0,"11":0,"12":0,"13":0,"14":0,"15":0,"16":0,"17":0,"18":0,"19":0,"20":0,"21":0,"22":0,"23":0,"24":0,"25":0,"26":0,"27":0,"28":0,"29":0,"30":0,"31":0,"32":0,"33":0,"34":0,"35":0,"36":0,"37":0,"38":0,"39":0,"40":0,"41":0,"42":0,"43":0,"44":0,"45":0,"46":0,"47":0,"48":0,"49":0,"50":0,"51":0,"52":0,"53":0,"54":0,"55":0,"56":0,"57":0,"58":0,"59":0,"60":0,"61":0,"62":0,"63":0,"64":0,"65":0,"66":0,"67":0,"68":0,"69":0,"70":0,"71":0,"72":0,"73":0,"74":0,"75":0,"76":0,"77":0},"f":{"0":0,"1":0,"2":0,"3":0,"4":0,"5":0,"6":0,"7":0,"8":0,"9":0,"10":0,"11":0,"12":0,"13":0,"14":0,"15":0,"16":0,"17":0,"18":0,"19":0},"b":{"0":[0,0],"1":[0,0],"2":[0,0],"3":[0,0],"4":[0,0],"5":[0,0],"6":[0,0],"7":[0,0],"8":[0,0],"9":[0,0],"10":[0,0],"11":[0,0],"12":[0,0],"13":[0,0],"14":[0,0]}}
}
