TN:
SF:config\cloudinary.js
FNF:0
FNH:0
DA:2,0
DA:3,0
DA:5,0
DA:8,0
DA:15,0
LF:5
LH:0
BRF:0
BRH:0
end_of_record
TN:
SF:config\email.js
FN:17,sendEmail
FN:30,sendStatusChangeEmail
FN:46,sendNewRequestEmail
FNF:3
FNH:0
FNDA:0,sendEmail
FNDA:0,sendStatusChangeEmail
FNDA:0,sendNewRequestEmail
DA:2,0
DA:3,0
DA:5,0
DA:8,0
DA:18,0
DA:25,0
DA:31,0
DA:39,0
DA:47,0
DA:56,0
DA:63,0
LF:11
LH:0
BRF:0
BRH:0
end_of_record
TN:
SF:middleware\auth.js
FN:5,authenticate
FN:32,authorize
FN:33,(anonymous_2)
FNF:3
FNH:0
FNDA:0,authenticate
FNDA:0,authorize
FNDA:0,(anonymous_2)
DA:2,0
DA:6,0
DA:8,0
DA:9,0
DA:15,0
DA:17,0
DA:18,0
DA:20,0
DA:21,0
DA:23,0
DA:24,0
DA:33,0
DA:34,0
DA:35,0
DA:41,0
DA:42,0
DA:48,0
DA:52,0
LF:18
LH:0
BRDA:8,0,0,0
BRDA:8,0,1,0
BRDA:8,1,0,0
BRDA:8,1,1,0
BRDA:32,2,0,0
BRDA:34,3,0,0
BRDA:34,3,1,0
BRDA:41,4,0,0
BRDA:41,4,1,0
BRF:9
BRH:0
end_of_record
TN:
SF:models\Department.js
FNF:0
FNH:0
DA:1,0
DA:3,0
DA:26,0
LF:3
LH:0
BRF:0
BRH:0
end_of_record
TN:
SF:models\Request.js
FN:204,(anonymous_0)
FN:222,(anonymous_1)
FN:226,(anonymous_2)
FN:230,(anonymous_3)
FNF:4
FNH:0
FNDA:0,(anonymous_0)
FNDA:0,(anonymous_1)
FNDA:0,(anonymous_2)
FNDA:0,(anonymous_3)
DA:2,0
DA:3,0
DA:5,0
DA:25,0
DA:43,0
DA:67,0
DA:204,0
DA:205,0
DA:206,0
DA:207,0
DA:208,0
DA:210,0
DA:214,0
DA:215,0
DA:216,0
DA:217,0
DA:218,0
DA:219,0
DA:222,0
DA:223,0
DA:226,0
DA:227,0
DA:230,0
DA:231,0
DA:234,0
LF:25
LH:0
BRDA:205,0,0,0
BRDA:205,0,1,0
BRF:2
BRH:0
end_of_record
TN:
SF:models\User.js
FN:90,(anonymous_0)
FN:103,(anonymous_1)
FNF:2
FNH:2
FNDA:10,(anonymous_0)
FNDA:2,(anonymous_1)
DA:2,1
DA:3,1
DA:5,1
DA:7,1
DA:90,1
DA:91,10
DA:93,10
DA:94,10
DA:95,10
DA:96,10
DA:98,0
DA:103,1
DA:104,2
DA:108,1
DA:109,1
DA:110,1
DA:112,1
LF:17
LH:16
BRDA:91,0,0,0
BRDA:91,0,1,10
BRF:2
BRH:1
end_of_record
TN:
SF:routes\adminRoutes.js
FN:15,(anonymous_0)
FN:54,(anonymous_1)
FN:99,(anonymous_2)
FN:133,(anonymous_3)
FN:166,(anonymous_4)
FN:198,(anonymous_5)
FN:222,(anonymous_6)
FN:251,(anonymous_7)
FN:279,(anonymous_8)
FN:285,(anonymous_9)
FN:316,(anonymous_10)
FN:324,(anonymous_11)
FNF:12
FNH:0
FNDA:0,(anonymous_0)
FNDA:0,(anonymous_1)
FNDA:0,(anonymous_2)
FNDA:0,(anonymous_3)
FNDA:0,(anonymous_4)
FNDA:0,(anonymous_5)
FNDA:0,(anonymous_6)
FNDA:0,(anonymous_7)
FNDA:0,(anonymous_8)
FNDA:0,(anonymous_9)
FNDA:0,(anonymous_10)
FNDA:0,(anonymous_11)
DA:2,0
DA:3,0
DA:4,0
DA:5,0
DA:6,0
DA:9,0
DA:15,0
DA:16,0
DA:18,0
DA:19,0
DA:20,0
DA:21,0
DA:23,0
DA:25,0
DA:31,0
DA:42,0
DA:43,0
DA:54,0
DA:55,0
DA:56,0
DA:58,0
DA:59,0
DA:60,0
DA:66,0
DA:77,0
DA:79,0
DA:80,0
DA:82,0
DA:87,0
DA:88,0
DA:99,0
DA:100,0
DA:101,0
DA:103,0
DA:109,0
DA:110,0
DA:116,0
DA:121,0
DA:122,0
DA:133,0
DA:134,0
DA:135,0
DA:141,0
DA:142,0
DA:148,0
DA:154,0
DA:155,0
DA:166,0
DA:167,0
DA:168,0
DA:170,0
DA:171,0
DA:172,0
DA:178,0
DA:179,0
DA:181,0
DA:186,0
DA:187,0
DA:198,0
DA:199,0
DA:200,0
DA:205,0
DA:210,0
DA:211,0
DA:222,0
DA:223,0
DA:224,0
DA:225,0
DA:226,0
DA:227,0
DA:229,0
DA:239,0
DA:240,0
DA:251,0
DA:252,0
DA:253,0
DA:255,0
DA:256,0
DA:262,0
DA:267,0
DA:268,0
DA:279,0
DA:280,0
DA:281,0
DA:283,0
DA:284,0
DA:286,0
DA:298,0
DA:300,0
DA:301,0
DA:302,0
DA:304,0
DA:305,0
DA:316,0
DA:317,0
DA:318,0
DA:321,0
DA:323,0
DA:325,0
DA:339,0
DA:341,0
DA:342,0
DA:346,0
DA:348,0
DA:349,0
DA:356,0
LF:106
LH:0
BRDA:16,0,0,0
BRDA:16,0,1,0
BRDA:19,1,0,0
BRDA:19,1,1,0
BRDA:20,2,0,0
BRDA:20,2,1,0
BRDA:59,3,0,0
BRDA:59,3,1,0
BRDA:109,4,0,0
BRDA:109,4,1,0
BRDA:141,5,0,0
BRDA:141,5,1,0
BRDA:171,6,0,0
BRDA:171,6,1,0
BRDA:255,7,0,0
BRDA:255,7,1,0
BRDA:327,8,0,0
BRDA:327,8,1,0
BRDA:332,9,0,0
BRDA:332,9,1,0
BRDA:333,10,0,0
BRDA:333,10,1,0
BRDA:334,11,0,0
BRDA:334,11,1,0
BRF:24
BRH:0
end_of_record
TN:
SF:routes\authRoutes.js
FN:17,(anonymous_0)
FN:37,generateToken
FN:52,(anonymous_2)
FN:124,(anonymous_3)
FN:191,(anonymous_4)
FNF:5
FNH:0
FNDA:0,(anonymous_0)
FNDA:0,generateToken
FNDA:0,(anonymous_2)
FNDA:0,(anonymous_3)
FNDA:0,(anonymous_4)
DA:2,0
DA:3,0
DA:4,0
DA:5,0
DA:6,0
DA:8,0
DA:11,0
DA:18,0
DA:19,0
DA:23,0
DA:30,0
DA:38,0
DA:52,0
DA:53,0
DA:55,0
DA:56,0
DA:59,0
DA:60,0
DA:61,0
DA:67,0
DA:70,0
DA:72,0
DA:73,0
DA:74,0
DA:81,0
DA:82,0
DA:83,0
DA:84,0
DA:91,0
DA:92,0
DA:93,0
DA:100,0
DA:101,0
DA:104,0
DA:105,0
DA:107,0
DA:115,0
DA:116,0
DA:124,0
DA:125,0
DA:127,0
DA:128,0
DA:131,0
DA:132,0
DA:139,0
DA:140,0
DA:147,0
DA:148,0
DA:149,0
DA:156,0
DA:165,0
DA:166,0
DA:168,0
DA:170,0
DA:171,0
DA:173,0
DA:181,0
DA:182,0
DA:191,0
DA:192,0
DA:193,0
DA:194,0
DA:195,0
DA:201,0
DA:202,0
DA:204,0
DA:210,0
DA:211,0
DA:218,0
LF:69
LH:0
BRDA:18,0,0,0
BRDA:18,0,1,0
BRDA:47,1,0,0
BRDA:47,1,1,0
BRDA:53,2,0,0
BRDA:53,2,1,0
BRDA:59,3,0,0
BRDA:59,3,1,0
BRDA:59,4,0,0
BRDA:59,4,1,0
BRDA:72,5,0,0
BRDA:72,5,1,0
BRDA:82,6,0,0
BRDA:82,6,1,0
BRDA:91,7,0,0
BRDA:91,7,1,0
BRDA:125,8,0,0
BRDA:125,8,1,0
BRDA:131,9,0,0
BRDA:131,9,1,0
BRDA:131,10,0,0
BRDA:131,10,1,0
BRDA:131,10,2,0
BRDA:131,10,3,0
BRDA:139,11,0,0
BRDA:139,11,1,0
BRDA:148,12,0,0
BRDA:148,12,1,0
BRDA:162,13,0,0
BRDA:162,13,1,0
BRDA:194,14,0,0
BRDA:194,14,1,0
BRF:32
BRH:0
end_of_record
TN:
SF:routes\departmentRoutes.js
FN:12,(anonymous_0)
FN:32,(anonymous_1)
FN:59,(anonymous_2)
FN:91,(anonymous_3)
FNF:4
FNH:0
FNDA:0,(anonymous_0)
FNDA:0,(anonymous_1)
FNDA:0,(anonymous_2)
FNDA:0,(anonymous_3)
DA:2,0
DA:3,0
DA:4,0
DA:5,0
DA:8,0
DA:9,0
DA:12,0
DA:13,0
DA:14,0
DA:18,0
DA:23,0
DA:32,0
DA:33,0
DA:34,0
DA:36,0
DA:42,0
DA:44,0
DA:50,0
DA:59,0
DA:60,0
DA:61,0
DA:63,0
DA:69,0
DA:70,0
DA:76,0
DA:82,0
DA:91,0
DA:92,0
DA:93,0
DA:99,0
DA:100,0
DA:106,0
DA:111,0
DA:119,0
LF:34
LH:0
BRDA:69,0,0,0
BRDA:69,0,1,0
BRDA:99,1,0,0
BRDA:99,1,1,0
BRF:4
BRH:0
end_of_record
TN:
SF:routes\reportRoutes.js
FN:14,(anonymous_0)
FN:30,(anonymous_1)
FN:62,(anonymous_2)
FN:91,(anonymous_3)
FN:112,(anonymous_4)
FN:141,(anonymous_5)
FN:162,(anonymous_6)
FNF:7
FNH:0
FNDA:0,(anonymous_0)
FNDA:0,(anonymous_1)
FNDA:0,(anonymous_2)
FNDA:0,(anonymous_3)
FNDA:0,(anonymous_4)
FNDA:0,(anonymous_5)
FNDA:0,(anonymous_6)
DA:2,0
DA:3,0
DA:4,0
DA:5,0
DA:8,0
DA:14,0
DA:15,0
DA:16,0
DA:17,0
DA:18,0
DA:19,0
DA:20,0
DA:23,0
DA:28,0
DA:29,0
DA:30,0
DA:31,0
DA:32,0
DA:33,0
DA:35,0
DA:38,0
DA:50,0
DA:51,0
DA:62,0
DA:63,0
DA:64,0
DA:89,0
DA:91,0
DA:100,0
DA:101,0
DA:112,0
DA:113,0
DA:114,0
DA:139,0
DA:141,0
DA:150,0
DA:151,0
DA:162,0
DA:163,0
DA:164,0
DA:166,0
DA:171,0
DA:176,0
DA:177,0
DA:184,0
LF:45
LH:0
BRDA:29,0,0,0
BRDA:29,0,1,0
BRDA:164,1,0,0
BRDA:164,1,1,0
BRF:4
BRH:0
end_of_record
TN:
SF:routes\requestRoutes.js
FN:25,(anonymous_0)
FN:50,(anonymous_1)
FN:56,(anonymous_2)
FN:157,(anonymous_3)
FN:205,(anonymous_4)
FN:250,(anonymous_5)
FN:262,(anonymous_6)
FN:270,(anonymous_7)
FN:298,(anonymous_8)
FN:399,(anonymous_9)
FN:452,(anonymous_10)
FN:528,(anonymous_11)
FNF:12
FNH:0
FNDA:0,(anonymous_0)
FNDA:0,(anonymous_1)
FNDA:0,(anonymous_2)
FNDA:0,(anonymous_3)
FNDA:0,(anonymous_4)
FNDA:0,(anonymous_5)
FNDA:0,(anonymous_6)
FNDA:0,(anonymous_7)
FNDA:0,(anonymous_8)
FNDA:0,(anonymous_9)
FNDA:0,(anonymous_10)
FNDA:0,(anonymous_11)
DA:2,0
DA:3,0
DA:4,0
DA:5,0
DA:6,0
DA:7,0
DA:8,0
DA:9,0
DA:10,0
DA:12,0
DA:15,0
DA:16,0
DA:19,0
DA:25,0
DA:26,0
DA:36,0
DA:38,0
DA:39,0
DA:45,0
DA:48,0
DA:49,0
DA:50,0
DA:51,0
DA:57,0
DA:58,0
DA:61,0
DA:64,0
DA:72,0
DA:86,0
DA:89,0
DA:90,0
DA:91,0
DA:92,0
DA:93,0
DA:94,0
DA:97,0
DA:98,0
DA:99,0
DA:102,0
DA:106,0
DA:107,0
DA:108,0
DA:109,0
DA:113,0
DA:114,0
DA:116,0
DA:120,0
DA:121,0
DA:122,0
DA:128,0
DA:131,0
DA:139,0
DA:140,0
DA:141,0
DA:142,0
DA:157,0
DA:158,0
DA:160,0
DA:161,0
DA:162,0
DA:163,0
DA:165,0
DA:166,0
DA:167,0
DA:171,0
DA:173,0
DA:180,0
DA:193,0
DA:194,0
DA:205,0
DA:206,0
DA:208,0
DA:209,0
DA:214,0
DA:215,0
DA:222,0
DA:223,0
DA:224,0
DA:226,0
DA:227,0
DA:233,0
DA:238,0
DA:239,0
DA:250,0
DA:251,0
DA:252,0
DA:255,0
DA:262,0
DA:263,0
DA:264,0
DA:265,0
DA:269,0
DA:270,0
DA:271,0
DA:272,0
DA:280,0
DA:286,0
DA:287,0
DA:298,0
DA:299,0
DA:300,0
DA:302,0
DA:303,0
DA:305,0
DA:310,0
DA:311,0
DA:317,0
DA:319,0
DA:320,0
DA:321,0
DA:322,0
DA:329,0
DA:330,0
DA:331,0
DA:337,0
DA:339,0
DA:340,0
DA:344,0
DA:345,0
DA:353,0
DA:354,0
DA:355,0
DA:362,0
DA:365,0
DA:366,0
DA:368,0
DA:372,0
DA:374,0
DA:375,0
DA:377,0
DA:380,0
DA:382,0
DA:387,0
DA:388,0
DA:399,0
DA:400,0
DA:401,0
DA:403,0
DA:404,0
DA:410,0
DA:412,0
DA:413,0
DA:419,0
DA:425,0
DA:428,0
DA:429,0
DA:430,0
DA:432,0
DA:435,0
DA:440,0
DA:441,0
DA:452,0
DA:453,0
DA:454,0
DA:456,0
DA:457,0
DA:464,0
DA:465,0
DA:471,0
DA:474,0
DA:475,0
DA:476,0
DA:477,0
DA:478,0
DA:479,0
DA:482,0
DA:483,0
DA:484,0
DA:485,0
DA:486,0
DA:489,0
DA:495,0
DA:498,0
DA:499,0
DA:500,0
DA:502,0
DA:505,0
DA:509,0
DA:516,0
DA:517,0
DA:528,0
DA:529,0
DA:530,0
DA:532,0
DA:533,0
DA:540,0
DA:541,0
DA:547,0
DA:549,0
DA:554,0
DA:555,0
DA:563,0
LF:192
LH:0
BRDA:38,0,0,0
BRDA:38,0,1,0
BRDA:38,1,0,0
BRDA:38,1,1,0
BRDA:38,1,2,0
BRDA:38,1,3,0
BRDA:38,1,4,0
BRDA:48,2,0,0
BRDA:48,2,1,0
BRDA:48,3,0,0
BRDA:48,3,1,0
BRDA:57,4,0,0
BRDA:57,4,1,0
BRDA:77,5,0,0
BRDA:77,5,1,0
BRDA:90,6,0,0
BRDA:90,6,1,0
BRDA:98,7,0,0
BRDA:98,7,1,0
BRDA:98,8,0,0
BRDA:98,8,1,0
BRDA:116,9,0,0
BRDA:116,9,1,0
BRDA:121,10,0,0
BRDA:121,10,1,0
BRDA:122,11,0,0
BRDA:122,11,1,0
BRDA:134,12,0,0
BRDA:134,12,1,0
BRDA:135,13,0,0
BRDA:135,13,1,0
BRDA:136,14,0,0
BRDA:136,14,1,0
BRDA:146,15,0,0
BRDA:146,15,1,0
BRDA:158,16,0,0
BRDA:158,16,1,0
BRDA:161,17,0,0
BRDA:161,17,1,0
BRDA:162,18,0,0
BRDA:162,18,1,0
BRDA:166,19,0,0
BRDA:166,19,1,0
BRDA:206,20,0,0
BRDA:206,20,1,0
BRDA:214,21,0,0
BRDA:214,21,1,0
BRDA:223,22,0,0
BRDA:223,22,1,0
BRDA:226,23,0,0
BRDA:226,23,1,0
BRDA:226,24,0,0
BRDA:226,24,1,0
BRDA:226,24,2,0
BRDA:264,25,0,0
BRDA:264,25,1,0
BRDA:299,26,0,0
BRDA:299,26,1,0
BRDA:310,27,0,0
BRDA:310,27,1,0
BRDA:317,28,0,0
BRDA:317,28,1,0
BRDA:320,29,0,0
BRDA:320,29,1,0
BRDA:329,30,0,0
BRDA:329,30,1,0
BRDA:329,31,0,0
BRDA:329,31,1,0
BRDA:339,32,0,0
BRDA:339,32,1,0
BRDA:344,33,0,0
BRDA:344,33,1,0
BRDA:354,34,0,0
BRDA:354,34,1,0
BRDA:354,35,0,0
BRDA:354,35,1,0
BRDA:368,36,0,0
BRDA:368,36,1,0
BRDA:372,37,0,0
BRDA:372,37,1,0
BRDA:374,38,0,0
BRDA:374,38,1,0
BRDA:403,39,0,0
BRDA:403,39,1,0
BRDA:412,40,0,0
BRDA:412,40,1,0
BRDA:432,41,0,0
BRDA:432,41,1,0
BRDA:456,42,0,0
BRDA:456,42,1,0
BRDA:464,43,0,0
BRDA:464,43,1,0
BRDA:475,44,0,0
BRDA:475,44,1,0
BRDA:475,45,0,0
BRDA:475,45,1,0
BRDA:476,46,0,0
BRDA:476,46,1,0
BRDA:476,47,0,0
BRDA:476,47,1,0
BRDA:477,48,0,0
BRDA:477,48,1,0
BRDA:477,49,0,0
BRDA:477,49,1,0
BRDA:478,50,0,0
BRDA:478,50,1,0
BRDA:478,51,0,0
BRDA:478,51,1,0
BRDA:479,52,0,0
BRDA:479,52,1,0
BRDA:479,53,0,0
BRDA:479,53,1,0
BRDA:482,54,0,0
BRDA:482,54,1,0
BRDA:483,55,0,0
BRDA:483,55,1,0
BRDA:484,56,0,0
BRDA:484,56,1,0
BRDA:485,57,0,0
BRDA:485,57,1,0
BRDA:486,58,0,0
BRDA:486,58,1,0
BRDA:498,59,0,0
BRDA:498,59,1,0
BRDA:498,60,0,0
BRDA:498,60,1,0
BRDA:500,61,0,0
BRDA:500,61,1,0
BRDA:500,62,0,0
BRDA:500,62,1,0
BRDA:532,63,0,0
BRDA:532,63,1,0
BRDA:540,64,0,0
BRDA:540,64,1,0
BRDA:540,65,0,0
BRDA:540,65,1,0
BRF:136
BRH:0
end_of_record
TN:
SF:routes\userRoutes.js
FN:14,(anonymous_0)
FN:42,(anonymous_1)
FN:85,(anonymous_2)
FNF:3
FNH:0
FNDA:0,(anonymous_0)
FNDA:0,(anonymous_1)
FNDA:0,(anonymous_2)
DA:2,0
DA:3,0
DA:4,0
DA:5,0
DA:8,0
DA:14,0
DA:15,0
DA:16,0
DA:18,0
DA:19,0
DA:25,0
DA:30,0
DA:31,0
DA:42,0
DA:43,0
DA:44,0
DA:46,0
DA:47,0
DA:48,0
DA:49,0
DA:50,0
DA:51,0
DA:52,0
DA:53,0
DA:55,0
DA:61,0
DA:62,0
DA:68,0
DA:73,0
DA:74,0
DA:85,0
DA:86,0
DA:87,0
DA:89,0
DA:94,0
DA:95,0
DA:102,0
LF:37
LH:0
BRDA:18,0,0,0
BRDA:18,0,1,0
BRDA:47,1,0,0
BRDA:47,1,1,0
BRDA:48,2,0,0
BRDA:48,2,1,0
BRDA:49,3,0,0
BRDA:49,3,1,0
BRDA:50,4,0,0
BRDA:50,4,1,0
BRDA:51,5,0,0
BRDA:51,5,1,0
BRDA:52,6,0,0
BRDA:52,6,1,0
BRDA:53,7,0,0
BRDA:53,7,1,0
BRDA:61,8,0,0
BRDA:61,8,1,0
BRF:18
BRH:0
end_of_record
TN:
SF:utils\autoAssign.js
FN:10,autoAssignRequest
FN:26,(anonymous_1)
FN:42,(anonymous_2)
FN:54,(anonymous_3)
FN:63,(anonymous_4)
FN:71,(anonymous_5)
FN:79,(anonymous_6)
FN:96,calculateQueuePosition
FN:112,(anonymous_8)
FN:118,(anonymous_9)
FN:131,formatTime12h
FN:145,isBusinessHours
FNF:12
FNH:0
FNDA:0,autoAssignRequest
FNDA:0,(anonymous_1)
FNDA:0,(anonymous_2)
FNDA:0,(anonymous_3)
FNDA:0,(anonymous_4)
FNDA:0,(anonymous_5)
FNDA:0,(anonymous_6)
FNDA:0,calculateQueuePosition
FNDA:0,(anonymous_8)
FNDA:0,(anonymous_9)
FNDA:0,formatTime12h
FNDA:0,isBusinessHours
DA:2,0
DA:3,0
DA:11,0
DA:13,0
DA:19,0
DA:20,0
DA:21,0
DA:25,0
DA:27,0
DA:32,0
DA:42,0
DA:44,0
DA:45,0
DA:46,0
DA:50,0
DA:53,0
DA:54,0
DA:55,0
DA:56,0
DA:57,0
DA:62,0
DA:63,0
DA:64,0
DA:65,0
DA:70,0
DA:71,0
DA:72,0
DA:73,0
DA:78,0
DA:79,0
DA:80,0
DA:81,0
DA:84,0
DA:86,0
DA:87,0
DA:97,0
DA:98,0
DA:99,0
DA:100,0
DA:104,0
DA:106,0
DA:112,0
DA:113,0
DA:114,0
DA:115,0
DA:118,0
DA:119,0
DA:121,0
DA:122,0
DA:132,0
DA:133,0
DA:134,0
DA:135,0
DA:136,0
DA:137,0
DA:146,0
DA:147,0
DA:150,0
DA:153,0
LF:59
LH:0
BRDA:19,0,0,0
BRDA:19,0,1,0
BRDA:44,1,0,0
BRDA:44,1,1,0
BRDA:53,2,0,0
BRDA:53,2,1,0
BRDA:55,3,0,0
BRDA:55,3,1,0
BRDA:62,4,0,0
BRDA:62,4,1,0
BRDA:62,5,0,0
BRDA:62,5,1,0
BRDA:64,6,0,0
BRDA:64,6,1,0
BRDA:70,7,0,0
BRDA:70,7,1,0
BRDA:70,8,0,0
BRDA:70,8,1,0
BRDA:70,8,2,0
BRDA:72,9,0,0
BRDA:72,9,1,0
BRDA:78,10,0,0
BRDA:78,10,1,0
BRDA:99,11,0,0
BRDA:99,11,1,0
BRDA:99,12,0,0
BRDA:99,12,1,0
BRDA:114,13,0,0
BRDA:114,13,1,0
BRDA:134,14,0,0
BRDA:134,14,1,0
BRDA:135,15,0,0
BRDA:135,15,1,0
BRDA:145,16,0,0
BRDA:150,17,0,0
BRDA:150,17,1,0
BRDA:150,17,2,0
BRDA:150,17,3,0
BRF:38
BRH:0
end_of_record
TN:
SF:utils\websocket.js
FN:8,initializeWebSocket
FN:11,(anonymous_1)
FN:17,(anonymous_2)
FN:21,(anonymous_3)
FN:44,(anonymous_4)
FN:51,(anonymous_5)
FN:57,(anonymous_6)
FN:59,(anonymous_7)
FN:62,(anonymous_8)
FN:66,(anonymous_9)
FN:74,closeWebSocket
FN:77,(anonymous_11)
FN:85,(anonymous_12)
FN:95,(anonymous_13)
FN:103,broadcast
FN:106,(anonymous_15)
FN:111,notifyUser
FN:118,notifyStatusChange
FN:131,notifyNewRequest
FN:146,notifyNewComment
FNF:20
FNH:0
FNDA:0,initializeWebSocket
FNDA:0,(anonymous_1)
FNDA:0,(anonymous_2)
FNDA:0,(anonymous_3)
FNDA:0,(anonymous_4)
FNDA:0,(anonymous_5)
FNDA:0,(anonymous_6)
FNDA:0,(anonymous_7)
FNDA:0,(anonymous_8)
FNDA:0,(anonymous_9)
FNDA:0,closeWebSocket
FNDA:0,(anonymous_11)
FNDA:0,(anonymous_12)
FNDA:0,(anonymous_13)
FNDA:0,broadcast
FNDA:0,(anonymous_15)
FNDA:0,notifyUser
FNDA:0,notifyStatusChange
FNDA:0,notifyNewRequest
FNDA:0,notifyNewComment
DA:2,0
DA:3,0
DA:5,0
DA:6,0
DA:9,0
DA:11,0
DA:12,0
DA:14,0
DA:15,0
DA:17,0
DA:18,0
DA:21,0
DA:22,0
DA:23,0
DA:25,0
DA:26,0
DA:27,0
DA:28,0
DA:29,0
DA:30,0
DA:31,0
DA:32,0
DA:33,0
DA:35,0
DA:36,0
DA:40,0
DA:44,0
DA:45,0
DA:46,0
DA:47,0
DA:51,0
DA:52,0
DA:57,0
DA:58,0
DA:59,0
DA:60,0
DA:61,0
DA:62,0
DA:66,0
DA:69,0
DA:71,0
DA:75,0
DA:77,0
DA:79,0
DA:80,0
DA:81,0
DA:85,0
DA:86,0
DA:87,0
DA:92,0
DA:95,0
DA:96,0
DA:97,0
DA:98,0
DA:104,0
DA:105,0
DA:106,0
DA:107,0
DA:112,0
DA:113,0
DA:114,0
DA:119,0
DA:127,0
DA:128,0
DA:132,0
DA:143,0
DA:147,0
DA:155,0
DA:156,0
DA:159,0
LF:70
LH:0
BRDA:25,0,0,0
BRDA:25,0,1,0
BRDA:45,1,0,0
BRDA:45,1,1,0
BRDA:47,2,0,0
BRDA:47,2,1,0
BRDA:52,3,0,0
BRDA:52,3,1,0
BRDA:58,4,0,0
BRDA:58,4,1,0
BRDA:60,5,0,0
BRDA:60,5,1,0
BRDA:75,6,0,0
BRDA:75,6,1,0
BRDA:79,7,0,0
BRDA:79,7,1,0
BRDA:86,8,0,0
BRDA:86,8,1,0
BRDA:104,9,0,0
BRDA:104,9,1,0
BRDA:107,10,0,0
BRDA:107,10,1,0
BRDA:113,11,0,0
BRDA:113,11,1,0
BRDA:113,12,0,0
BRDA:113,12,1,0
BRDA:128,13,0,0
BRDA:128,13,1,0
BRDA:156,14,0,0
BRDA:156,14,1,0
BRF:30
BRH:0
end_of_record
